epoch,learning_rate,loss,mape,r2_score,val_loss,val_mape,val_r2_score
0,0.0010000000474974513,4.317133903503418,89.0438232421875,-36.51715087890625,4.106078147888184,84.04129028320312,-28.44320297241211
1,0.0010000000474974513,3.8079264163970947,78.85958099365234,-30.00482749938965,3.870213508605957,79.26985168457031,-26.5286865234375
2,0.0010000000474974513,3.436405658721924,71.16048431396484,-27.174776077270508,3.577847480773926,72.91947937011719,-24.74921417236328
3,0.0010000000474974513,3.191326856613159,65.74569702148438,-24.992042541503906,3.298027753829956,66.29113006591797,-23.36867332458496
4,0.0010000000474974513,3.0118777751922607,61.68476486206055,-23.292831420898438,3.081315040588379,60.335506439208984,-22.40593910217285
5,0.0010000000474974513,2.926032304763794,59.89801788330078,-22.467153549194336,3.0854692459106445,60.486083984375,-22.217731475830078
6,0.0010000000474974513,2.8038153648376465,57.22077941894531,-21.10830307006836,3.0657949447631836,60.019412994384766,-22.126632690429688
7,0.0010000000474974513,2.723959445953369,55.752342224121094,-20.264400482177734,3.051001787185669,59.507225036621094,-22.028125762939453
8,0.0010000000474974513,2.4900834560394287,50.661590576171875,-18.802770614624023,3.0310709476470947,59.08164978027344,-21.755821228027344
9,0.0010000000474974513,2.5276200771331787,51.54802703857422,-18.992605209350586,3.0014808177948,58.546531677246094,-21.402631759643555
10,0.0010000000474974513,2.4001150131225586,49.39518737792969,-17.753677368164062,2.9443986415863037,57.762027740478516,-20.79624366760254
11,0.0010000000474974513,2.403623342514038,49.66858673095703,-17.769834518432617,2.9041807651519775,57.18084716796875,-20.26589584350586
12,0.0010000000474974513,2.301612615585327,47.254085540771484,-17.348867416381836,2.885420083999634,57.06025314331055,-19.85431671142578
13,0.0010000000474974513,2.171065092086792,44.64446258544922,-15.677396774291992,2.8363535404205322,56.20376968383789,-19.26167869567871
14,0.0010000000474974513,2.2196242809295654,45.66951370239258,-15.712656021118164,2.7268311977386475,53.47304916381836,-18.523075103759766
15,0.0010000000474974513,2.3308002948760986,48.77106475830078,-16.876333236694336,2.662163019180298,51.982261657714844,-17.998476028442383
16,0.0010000000474974513,2.1530921459198,44.82078170776367,-15.433446884155273,2.6672303676605225,52.473350524902344,-17.630565643310547
17,0.0010000000474974513,2.1833384037017822,45.791404724121094,-15.40202522277832,2.605699062347412,51.02203369140625,-17.15983009338379
18,0.0010000000474974513,2.2694506645202637,47.202545166015625,-16.604305267333984,2.586507558822632,50.95291519165039,-16.702281951904297
19,0.0010000000474974513,2.0755562782287598,42.9164924621582,-15.029008865356445,2.5383682250976562,49.99972915649414,-16.260892868041992
20,0.0010000000474974513,2.056596517562866,43.00217056274414,-14.285984992980957,2.496244430541992,49.185176849365234,-15.851287841796875
21,0.0010000000474974513,2.0559616088867188,42.82588195800781,-14.301426887512207,2.4520184993743896,48.27983093261719,-15.489480972290039
22,0.0010000000474974513,2.0847249031066895,43.31796646118164,-14.449969291687012,2.4431746006011963,48.4726448059082,-15.16938591003418
23,0.0010000000474974513,2.0806896686553955,43.03156280517578,-14.454018592834473,2.4040627479553223,47.77981948852539,-14.806557655334473
24,0.0010000000474974513,1.9732779264450073,40.81557083129883,-13.81980037689209,2.3301949501037598,45.941219329833984,-14.53618049621582
25,0.0010000000474974513,1.903281569480896,39.62358474731445,-12.792326927185059,2.3057658672332764,45.48086166381836,-14.350296020507812
26,0.0010000000474974513,2.0184860229492188,42.215728759765625,-13.904534339904785,2.280468225479126,44.99162292480469,-14.17958927154541
27,0.0010000000474974513,2.0091633796691895,42.2282829284668,-13.701921463012695,2.254547595977783,44.48538589477539,-14.012606620788574
28,0.0010000000474974513,1.861049771308899,39.1716194152832,-12.51788330078125,2.221008062362671,43.78843307495117,-13.836069107055664
29,0.0010000000474974513,1.9180740118026733,40.817466735839844,-12.784558296203613,2.209040403366089,43.70681381225586,-13.687535285949707
30,0.0010000000474974513,1.7440109252929688,36.88827133178711,-11.906434059143066,2.195157051086426,43.461124420166016,-13.577428817749023
31,0.0010000000474974513,1.8784046173095703,39.652366638183594,-12.340423583984375,2.1720235347747803,42.993404388427734,-13.462713241577148
32,0.0010000000474974513,1.7585357427597046,37.35727310180664,-11.916157722473145,2.176145315170288,43.45215606689453,-13.289358139038086
33,0.0010000000474974513,1.788446068763733,38.00139236450195,-11.934219360351562,2.2517435550689697,45.98090744018555,-13.183828353881836
34,0.0010000000474974513,1.7149282693862915,36.49543762207031,-11.882922172546387,2.201390266418457,45.054813385009766,-12.60599422454834
35,0.0010000000474974513,1.7774661779403687,38.12397766113281,-11.947912216186523,2.140202522277832,43.85603332519531,-11.984053611755371
36,0.0010000000474974513,1.6955113410949707,36.02980422973633,-11.412896156311035,1.9836329221725464,40.08671951293945,-11.088955879211426
37,0.0010000000474974513,1.672611951828003,35.47427749633789,-11.209550857543945,1.9084994792938232,38.2701530456543,-10.453932762145996
38,0.0010000000474974513,1.7837997674942017,37.91139221191406,-11.863785743713379,1.8836579322814941,37.98468017578125,-10.168721199035645
39,0.0010000000474974513,1.6572659015655518,34.8940544128418,-11.547475814819336,1.8664519786834717,38.09664535522461,-9.871262550354004
40,0.0010000000474974513,1.6150239706039429,34.10063171386719,-11.39713191986084,1.8570362329483032,38.01314926147461,-9.741387367248535
41,0.0010000000474974513,1.7296650409698486,37.34737014770508,-11.788495063781738,1.8306416273117065,37.553558349609375,-9.48912525177002
42,0.0010000000474974513,1.681431770324707,35.825599670410156,-11.497763633728027,1.7603660821914673,35.8900260925293,-9.191052436828613
43,0.0010000000474974513,1.6055116653442383,33.962913513183594,-10.99472713470459,1.8091778755187988,37.29752731323242,-9.256810188293457
44,0.0010000000474974513,1.6784350872039795,35.48463439941406,-10.682540893554688,1.7769755125045776,36.56125259399414,-9.102079391479492
45,0.0010000000474974513,1.6813862323760986,35.64836883544922,-11.432860374450684,1.7380391359329224,35.74185562133789,-8.948864936828613
46,0.0010000000474974513,1.6649776697158813,35.25031661987305,-10.923979759216309,1.7480368614196777,36.226722717285156,-8.8820219039917
47,0.0010000000474974513,1.7054589986801147,36.0689582824707,-11.36808967590332,1.7358585596084595,35.984317779541016,-8.738061904907227
48,0.0010000000474974513,1.7067886590957642,36.367923736572266,-11.179875373840332,1.6165862083435059,32.811119079589844,-8.4354248046875
49,0.0010000000474974513,1.570629358291626,33.040645599365234,-10.902000427246094,1.726322889328003,35.98861312866211,-8.577265739440918
50,0.0010000000474974513,1.7026991844177246,36.0283203125,-11.263585090637207,1.6168646812438965,33.37975311279297,-8.29601001739502
51,0.0010000000474974513,1.6337767839431763,34.26303482055664,-10.749204635620117,1.5882970094680786,32.489341735839844,-8.182175636291504
52,0.0010000000474974513,1.7221156358718872,36.65664291381836,-11.23764705657959,1.5799918174743652,32.34919738769531,-8.117003440856934
53,0.0010000000474974513,1.5698740482330322,32.92170715332031,-10.455280303955078,1.5784897804260254,32.542850494384766,-8.051762580871582
54,0.0010000000474974513,1.5951188802719116,33.496253967285156,-10.176336288452148,1.5140328407287598,31.223142623901367,-7.6859588623046875
55,0.0010000000474974513,1.6034064292907715,33.54518127441406,-10.365779876708984,1.4532904624938965,29.814777374267578,-7.39540958404541
56,0.0010000000474974513,1.4952778816223145,31.21146011352539,-9.037875175476074,1.5000686645507812,31.191184997558594,-7.308981895446777
57,0.0010000000474974513,1.5473476648330688,32.45579147338867,-9.374205589294434,1.454537272453308,29.88640022277832,-7.024198532104492
58,0.0010000000474974513,1.5111775398254395,31.566993713378906,-8.6871919631958,1.4552074670791626,29.926597595214844,-6.780248641967773
59,0.0010000000474974513,1.4296077489852905,29.541152954101562,-7.860352516174316,1.3996262550354004,28.832054138183594,-6.051021099090576
60,0.0010000000474974513,1.4055472612380981,29.43982696533203,-7.409859657287598,1.2878004312515259,26.478857040405273,-5.3923821449279785
61,0.0010000000474974513,1.3166810274124146,26.97681999206543,-6.948672771453857,1.2587536573410034,26.136152267456055,-5.106270790100098
62,0.0010000000474974513,1.2385549545288086,25.17969512939453,-6.821583271026611,1.1364575624465942,22.95722007751465,-4.29103946685791
63,0.0010000000474974513,1.155461072921753,23.411903381347656,-6.119538307189941,1.0649902820587158,21.47235870361328,-3.428277015686035
64,0.0010000000474974513,1.179772973060608,23.87008285522461,-5.333304405212402,0.9986113905906677,19.80548095703125,-3.067502975463867
65,0.0010000000474974513,1.1109697818756104,22.26246452331543,-4.993813991546631,1.0165553092956543,20.314180374145508,-2.9122366905212402
66,0.0010000000474974513,1.041232705116272,21.24996566772461,-3.511533737182617,1.0648008584976196,22.434856414794922,-2.76674222946167
67,0.0010000000474974513,0.7859933972358704,15.568024635314941,-2.6376049518585205,1.064985990524292,22.846895217895508,-2.37005352973938
68,0.0010000000474974513,0.926447331905365,18.95073890686035,-3.1258702278137207,1.0350673198699951,22.18897247314453,-1.806485652923584
69,0.0010000000474974513,0.7496588826179504,16.025806427001953,-0.860227108001709,1.003669261932373,21.606599807739258,-1.3561387062072754
70,0.0010000000474974513,0.8151987791061401,17.498472213745117,-1.1114952564239502,0.7010209560394287,13.813739776611328,-0.40840137004852295
71,0.0010000000474974513,0.735461950302124,15.318633079528809,-0.7543835639953613,0.7215818762779236,14.762887001037598,-0.5075137615203857
72,0.0010000000474974513,0.8050121665000916,17.179386138916016,-1.3719525337219238,0.6573588848114014,13.263989448547363,-0.28567957878112793
73,0.0010000000474974513,0.5516186356544495,11.537561416625977,-0.05107605457305908,0.7129600048065186,15.448513984680176,-0.4907798767089844
74,0.0010000000474974513,0.7460675835609436,15.682597160339355,-0.8336883783340454,0.700023889541626,15.164719581604004,-0.39640581607818604
75,0.0010000000474974513,0.708408534526825,15.036121368408203,-0.3714785575866699,0.7022305130958557,15.221756935119629,-0.3176151514053345
76,0.0010000000474974513,0.5519962906837463,11.606290817260742,0.033687591552734375,0.7275514006614685,15.902902603149414,-0.41237008571624756
77,0.0010000000474974513,0.6090507507324219,12.868414878845215,-0.20424282550811768,0.6861785650253296,15.105795860290527,-0.3900991678237915
78,0.0010000000474974513,0.6580310463905334,13.694502830505371,-0.3529418706893921,0.6891971230506897,15.160050392150879,-0.2752591371536255
79,0.0010000000474974513,0.7701373100280762,16.475683212280273,-1.1179125308990479,0.7439018487930298,16.114133834838867,-0.3077366352081299
80,0.0010000000474974513,0.7381958961486816,15.947388648986816,-0.5716252326965332,0.7823835015296936,17.3699893951416,-0.5599358081817627
81,0.0010000000474974513,0.5989952683448792,13.082934379577637,-0.22537970542907715,0.8732835650444031,20.065898895263672,-1.0710740089416504
82,0.0010000000474974513,0.5908371210098267,12.687728881835938,-0.2713131904602051,0.7234181761741638,16.057933807373047,-0.514533281326294
83,0.0010000000474974513,0.6427037119865417,14.39671516418457,-0.42016756534576416,0.6604688167572021,14.555068969726562,-0.19239723682403564
84,0.0010000000474974513,0.661827564239502,14.302681922912598,-0.3886018991470337,0.6396778225898743,14.462457656860352,-0.24595355987548828
85,0.0010000000474974513,0.6948362588882446,15.229331970214844,-0.4373832941055298,0.7306612133979797,17.102062225341797,-0.7562960386276245
86,0.0010000000474974513,0.7169139385223389,15.58073616027832,-0.36188220977783203,0.7048377990722656,15.921175956726074,-0.4936302900314331
87,0.0010000000474974513,0.5239986777305603,11.368220329284668,0.15672904253005981,0.7461626529693604,17.18632698059082,-0.6921427249908447
88,0.0010000000474974513,0.5688478946685791,12.298945426940918,-0.01923501491546631,0.7541889548301697,17.1995849609375,-0.5794070959091187
89,0.0010000000474974513,0.6482486128807068,14.011995315551758,-0.3806799650192261,0.5997294783592224,12.99566650390625,0.04911106824874878
90,0.0010000000474974513,0.5579127073287964,11.9459810256958,-0.012447357177734375,0.6071719527244568,13.155917167663574,0.03589427471160889
91,0.0010000000474974513,0.6340341567993164,13.560429573059082,-0.262837290763855,0.5988880395889282,13.184307098388672,-0.015288949012756348
92,0.0010000000474974513,0.4889720678329468,10.524420738220215,0.295244038105011,0.6047626733779907,13.171690940856934,-0.14591991901397705
93,0.0010000000474974513,0.6461239457130432,14.158926010131836,-0.14892446994781494,0.6161694526672363,13.257431030273438,-0.3412184715270996
94,0.0010000000474974513,0.6031991243362427,13.187026977539062,-0.3734426498413086,0.6917876601219177,15.455362319946289,-0.657888650894165
95,0.0010000000474974513,0.6184967160224915,13.334421157836914,-0.4425783157348633,0.699739396572113,16.00756072998047,-0.6678861379623413
96,0.0010000000474974513,0.5161883234977722,10.913841247558594,0.22717738151550293,0.6665446758270264,14.626486778259277,-0.33468806743621826
97,0.0010000000474974513,0.5961524844169617,12.757445335388184,-0.03959155082702637,0.6385814547538757,12.806629180908203,-0.32031941413879395
98,0.0010000000474974513,0.6661823987960815,14.479939460754395,-0.308546781539917,0.5706290006637573,11.154296875,-0.052750349044799805
99,0.0010000000474974513,0.5819119811058044,12.671430587768555,-0.023088693618774414,0.5857142210006714,12.30751895904541,0.02556544542312622
100,0.0010000000474974513,0.5778022408485413,12.589042663574219,-0.12273561954498291,0.5799954533576965,12.288446426391602,0.07890385389328003
101,0.0010000000474974513,0.6024236679077148,12.84130573272705,-0.2231156826019287,0.5621877908706665,12.280667304992676,0.03405648469924927
102,0.0010000000474974513,0.6214019656181335,13.693531036376953,-0.2801610231399536,0.5807119607925415,12.917688369750977,-0.0013843774795532227
103,0.0010000000474974513,0.5333395004272461,11.711564064025879,0.13521981239318848,0.5390082597732544,11.623846054077148,0.11545896530151367
104,0.0010000000474974513,0.5297262072563171,11.323786735534668,0.14067316055297852,0.5254400968551636,11.21133041381836,0.1743651032447815
105,0.0010000000474974513,0.5085207223892212,11.075493812561035,0.185047447681427,0.5200414657592773,11.243404388427734,0.19147741794586182
106,0.0010000000474974513,0.5099339485168457,11.095561981201172,0.154443621635437,0.5610538125038147,11.960926055908203,0.12611979246139526
107,0.0010000000474974513,0.46707025170326233,9.92898178100586,0.3346344828605652,0.5842254161834717,11.932622909545898,-0.035545945167541504
108,0.0010000000474974513,0.751458466053009,16.179622650146484,-0.9839202165603638,0.553837239742279,11.205806732177734,-0.03973734378814697
109,0.0010000000474974513,0.6209303140640259,13.633939743041992,-0.30387401580810547,0.48190611600875854,9.975714683532715,0.2568809390068054
110,0.0010000000474974513,0.5565119981765747,12.070828437805176,0.06794232130050659,0.6332723498344421,13.864731788635254,-0.02875351905822754
111,0.0010000000474974513,0.6293365955352783,13.122827529907227,-0.33560776710510254,0.6221264004707336,13.621479034423828,-0.029827117919921875
112,0.0010000000474974513,0.5295498967170715,11.353954315185547,0.16280674934387207,0.5500172972679138,11.483176231384277,0.11004883050918579
113,0.0010000000474974513,0.6317380666732788,13.656617164611816,-0.177978515625,0.5345578789710999,10.881918907165527,0.02429032325744629
114,0.0010000000474974513,0.516646683216095,11.234257698059082,0.15062642097473145,0.54323410987854,11.63741397857666,0.13835227489471436
115,0.0010000000474974513,0.6571767926216125,14.101993560791016,-0.20588290691375732,0.6618130207061768,14.567102432250977,-0.135145902633667
116,0.0010000000474974513,0.5603221654891968,11.8329439163208,-0.07071793079376221,0.5695957541465759,12.248846054077148,0.17564994096755981
117,0.0010000000474974513,0.4988195598125458,10.630955696105957,0.17548644542694092,0.5037943124771118,10.190603256225586,0.17483043670654297
118,0.0010000000474974513,0.6016362905502319,13.170175552368164,-0.05058121681213379,0.5533744096755981,11.577202796936035,0.15617716312408447
119,0.0010000000474974513,0.43866464495658875,9.498922348022461,0.38970309495925903,0.5445226430892944,11.608220100402832,0.22704428434371948
120,0.0010000000474974513,0.5240010619163513,11.531139373779297,0.18284058570861816,0.5602433681488037,11.940506935119629,0.2634165287017822
121,0.0010000000474974513,0.4099218547344208,9.15425968170166,0.4038928151130676,0.5386181473731995,11.892040252685547,0.2072048783302307
122,0.0010000000474974513,0.4200338125228882,9.126496315002441,0.3877907991409302,0.5529596209526062,12.443427085876465,0.05788683891296387
123,0.0010000000474974513,0.5330889821052551,11.368057250976562,-0.007694244384765625,0.4848834276199341,10.2123384475708,0.28002822399139404
124,0.0010000000474974513,0.5908027291297913,12.5337553024292,-0.15690362453460693,0.5152361392974854,10.816643714904785,0.3284848928451538
125,0.0010000000474974513,0.4659428000450134,10.043013572692871,0.33332186937332153,0.45810553431510925,9.386585235595703,0.3392733335494995
126,0.0010000000474974513,0.5511034727096558,11.435126304626465,0.1666179895401001,0.48938989639282227,10.104157447814941,0.15774071216583252
127,0.0010000000474974513,0.49077874422073364,10.480411529541016,0.21996712684631348,0.5160582065582275,11.060037612915039,0.1459197998046875
128,0.0010000000474974513,0.45929133892059326,9.788971900939941,0.46959900856018066,0.5524704456329346,11.762097358703613,0.24956214427947998
129,0.0010000000474974513,0.51027512550354,10.873103141784668,0.1995469331741333,0.5446490049362183,11.473663330078125,0.23424416780471802
130,0.0010000000474974513,0.40765631198883057,9.026348114013672,0.5050185322761536,0.5969770550727844,12.691113471984863,0.029017508029937744
131,0.0010000000474974513,0.6118890643119812,13.4139404296875,-0.18691706657409668,0.6325442790985107,13.628409385681152,-0.052217841148376465
132,0.0010000000474974513,0.4148150384426117,8.981217384338379,0.4279174208641052,0.5829812288284302,13.239306449890137,-0.037125587463378906
133,0.0010000000474974513,0.5638410449028015,12.354747772216797,-0.023979663848876953,0.5731375217437744,12.618093490600586,0.04357719421386719
134,0.0010000000474974513,0.5282987356185913,11.289517402648926,-0.019240379333496094,0.5691149234771729,12.109081268310547,0.06840765476226807
135,0.0010000000474974513,0.5931341052055359,12.67011833190918,-0.014947652816772461,0.604315996170044,12.969121932983398,0.018658876419067383
136,0.0010000000474974513,0.5131992697715759,11.35849666595459,-0.006499767303466797,0.5556032657623291,12.091976165771484,0.032140135765075684
137,0.0010000000474974513,0.4709014892578125,10.224203109741211,0.2966225743293762,0.5730893015861511,12.190521240234375,0.010131239891052246
138,0.0010000000474974513,0.4808116853237152,10.471362113952637,0.1759815812110901,0.5809525847434998,12.405797958374023,0.16994214057922363
139,0.0010000000474974513,0.5322422981262207,11.314427375793457,0.0759468674659729,0.6144747138023376,13.544589042663574,0.094790518283844
140,0.0010000000474974513,0.5537202954292297,12.019001007080078,0.10341042280197144,0.6674956679344177,14.824288368225098,-0.060167908668518066
141,0.0010000000474974513,0.5607925057411194,12.138675689697266,0.024235546588897705,0.6695438623428345,15.218304634094238,-0.11418259143829346
142,0.0010000000474974513,0.4884180426597595,10.870914459228516,0.28589504957199097,0.5411103963851929,11.955521583557129,0.21762800216674805
143,0.0010000000474974513,0.5856289267539978,12.798164367675781,0.02082616090774536,0.4849455952644348,10.411123275756836,0.32411134243011475
144,0.0010000000474974513,0.5476903319358826,11.980851173400879,0.0012161731719970703,0.47853487730026245,10.257547378540039,0.41268396377563477
145,0.0010000000474974513,0.4781232476234436,10.511813163757324,0.30362558364868164,0.562457799911499,12.279560089111328,0.23620378971099854
146,0.0010000000474974513,0.5263129472732544,11.496402740478516,-0.008179306983947754,0.5564389824867249,12.138927459716797,0.22575408220291138
147,0.0010000000474974513,0.4943714439868927,10.916182518005371,0.22116541862487793,0.48080989718437195,10.000226020812988,0.37885403633117676
148,0.0010000000474974513,0.5351791381835938,12.12129020690918,-0.013818502426147461,0.522188127040863,10.832642555236816,0.11172610521316528
149,0.0010000000474974513,0.45267587900161743,9.63156509399414,0.32286226749420166,0.49146461486816406,10.344942092895508,0.24110722541809082
150,0.0010000000474974513,0.4344225525856018,9.32185173034668,0.44672268629074097,0.5989387631416321,13.042939186096191,0.015888571739196777
151,0.0010000000474974513,0.48763296008110046,10.686250686645508,0.3206767439842224,0.6662791967391968,14.267574310302734,-0.21189570426940918
152,0.0010000000474974513,0.540105938911438,11.735352516174316,-0.05695605278015137,0.5750666260719299,11.979883193969727,0.06013619899749756
153,0.0010000000474974513,0.4618677496910095,9.667190551757812,0.3641805648803711,0.5146556496620178,11.058341026306152,0.2790220379829407
154,0.0010000000474974513,0.4189091622829437,8.80345344543457,0.5074300765991211,0.5697141885757446,12.081888198852539,0.049034714698791504
155,0.0010000000474974513,0.6068486571311951,12.826749801635742,-0.21637260913848877,0.5543951392173767,11.999678611755371,0.045738279819488525
156,0.0010000000474974513,0.4732803702354431,9.974390983581543,0.4196515679359436,0.522291898727417,11.412211418151855,0.2332087755203247
157,0.0010000000474974513,0.4955122172832489,10.892436981201172,0.25654470920562744,0.6034365296363831,13.261984825134277,0.01901930570602417
158,0.0010000000474974513,0.6114875674247742,13.640920639038086,-0.28555357456207275,0.47887107729911804,9.761330604553223,0.24604535102844238
159,0.0010000000474974513,0.5394373536109924,11.583295822143555,0.17024970054626465,0.569544792175293,12.084317207336426,0.045994460582733154
160,0.0010000000474974513,0.5364542007446289,12.015897750854492,0.03864157199859619,0.5854014754295349,12.31671142578125,0.011648297309875488
161,0.0010000000474974513,0.5712507963180542,12.462244033813477,0.031035006046295166,0.5675507187843323,12.0363130569458,0.18851399421691895
162,0.0010000000474974513,0.46641844511032104,10.32204532623291,0.1973528265953064,0.5134738683700562,10.876669883728027,0.2019481658935547
163,0.0010000000474974513,0.4130306541919708,9.308547019958496,0.477258563041687,0.525673508644104,10.794327735900879,-0.03927481174468994
164,0.0010000000474974513,0.48159080743789673,10.404556274414062,0.28881174325942993,0.4827808141708374,9.774367332458496,0.215681791305542
165,0.0010000000474974513,0.5961951613426208,12.960175514221191,-0.14670836925506592,0.4611077606678009,9.274850845336914,0.3638572096824646
166,0.0010000000474974513,0.43579962849617004,9.478087425231934,0.46687448024749756,0.4675530195236206,9.439261436462402,0.4024457335472107
167,0.0010000000474974513,0.4959254264831543,10.965307235717773,0.13803279399871826,0.5045638680458069,10.534507751464844,0.34155750274658203
168,0.0010000000474974513,0.5535627007484436,12.108452796936035,0.1280466914176941,0.5059238076210022,10.52184772491455,0.28696322441101074
169,0.0010000000474974513,0.48406490683555603,10.575456619262695,0.34625136852264404,0.5351448655128479,11.326736450195312,0.2200724482536316
170,0.0010000000474974513,0.499743789434433,11.206042289733887,0.1979319453239441,0.5464149117469788,11.900775909423828,0.24646401405334473
171,0.0010000000474974513,0.5106937885284424,11.43922233581543,0.17515134811401367,0.5404590964317322,12.030298233032227,0.30855321884155273
172,0.0010000000474974513,0.4677749276161194,10.255663871765137,0.354089617729187,0.5053492188453674,11.043610572814941,0.4047625660896301
173,0.0010000000474974513,0.5257148146629333,12.032706260681152,0.10268574953079224,0.520134687423706,11.487253189086914,0.3757564425468445
174,0.0010000000474974513,0.5030755996704102,10.850940704345703,0.23015958070755005,0.5465066432952881,12.2015380859375,0.2640106678009033
175,0.0010000000474974513,0.5655763745307922,12.122138977050781,0.10980391502380371,0.5370877981185913,11.673437118530273,0.27030837535858154
176,0.0010000000474974513,0.48831650614738464,10.705622673034668,0.32402563095092773,0.5080776214599609,10.913528442382812,0.3057015538215637
177,0.0010000000474974513,0.5152802467346191,11.029776573181152,0.18019258975982666,0.505845844745636,10.617984771728516,0.17935454845428467
178,0.0010000000474974513,0.4831797480583191,10.606159210205078,0.3382619023323059,0.5038543939590454,10.35666561126709,0.128004252910614
179,0.0010000000474974513,0.6577418446540833,14.274401664733887,-0.10553336143493652,0.5352357625961304,11.283967018127441,0.23418164253234863
180,0.0010000000474974513,0.4759924113750458,10.449060440063477,0.3201907277107239,0.4426550567150116,8.844056129455566,0.4091401696205139
181,0.0010000000474974513,0.5109589099884033,11.247236251831055,0.09821146726608276,0.5014095902442932,10.664105415344238,0.2996729612350464
182,0.0010000000474974513,0.4460437595844269,9.370369911193848,0.31420451402664185,0.5187129378318787,11.24117374420166,0.2268398404121399
183,0.0010000000474974513,0.5096725821495056,10.899036407470703,0.16165924072265625,0.48914918303489685,10.121979713439941,0.20181643962860107
184,0.0010000000474974513,0.5843407511711121,12.734647750854492,-0.06075847148895264,0.5203232169151306,10.853063583374023,0.08481049537658691
185,0.0010000000474974513,0.4866209328174591,10.661893844604492,0.23646175861358643,0.5237621068954468,10.959097862243652,0.10845363140106201
186,0.0010000000474974513,0.4295252561569214,9.71722412109375,0.3414112329483032,0.5220210552215576,11.096273422241211,0.18180418014526367
187,0.0010000000474974513,0.485283762216568,10.629448890686035,0.19755911827087402,0.5651154518127441,12.31383991241455,0.022196292877197266
188,0.0010000000474974513,0.5975359678268433,13.181466102600098,-0.13524162769317627,0.4999954104423523,10.34018325805664,0.13849520683288574
189,0.0010000000474974513,0.48479413986206055,10.818697929382324,0.1737651228904724,0.47651758790016174,9.934597969055176,0.319339394569397
190,0.0010000000474974513,0.41411519050598145,9.296579360961914,0.4051830768585205,0.514687180519104,10.897648811340332,0.22408509254455566
191,0.0010000000474974513,0.46861788630485535,10.433243751525879,0.3278236389160156,0.5078708529472351,10.647260665893555,0.19395095109939575
192,0.0010000000474974513,0.4328225553035736,9.151956558227539,0.4090023636817932,0.5086904764175415,10.909628868103027,0.21652710437774658
193,0.0010000000474974513,0.4602407217025757,10.361421585083008,0.31730425357818604,0.5809396505355835,12.717389106750488,0.16354966163635254
194,0.0010000000474974513,0.4915164113044739,10.452974319458008,0.23197686672210693,0.5809817314147949,12.949779510498047,-0.00812077522277832
195,0.0010000000474974513,0.49791204929351807,10.849059104919434,0.2840387225151062,0.5299389362335205,11.300908088684082,0.07230645418167114
196,0.0010000000474974513,0.41472476720809937,8.756978988647461,0.47843289375305176,0.4946017265319824,10.187439918518066,0.17950618267059326
197,0.0010000000474974513,0.4822983741760254,10.351685523986816,0.3402479887008667,0.46078044176101685,9.46556568145752,0.3056381344795227
198,0.0010000000474974513,0.4023929238319397,8.83984661102295,0.5098782777786255,0.5303420424461365,11.540358543395996,0.2184104323387146
199,0.0010000000474974513,0.4222468435764313,9.37896728515625,0.44118446111679077,0.5438390970230103,11.953557968139648,0.14738935232162476
200,0.0010000000474974513,0.44922178983688354,9.683429718017578,0.41383594274520874,0.4873470366001129,10.354145050048828,0.35743629932403564
201,0.0010000000474974513,0.5307912230491638,11.550487518310547,0.26387667655944824,0.46128126978874207,9.555047035217285,0.37784963846206665
202,0.0010000000474974513,0.5155540108680725,11.123100280761719,0.14566457271575928,0.43126070499420166,8.838605880737305,0.4299752712249756
203,0.0010000000474974513,0.4851056635379791,11.074138641357422,0.1708410382270813,0.45318204164505005,9.402091979980469,0.3869958519935608
204,0.0010000000474974513,0.398232102394104,8.791533470153809,0.5357438325881958,0.4464632272720337,9.215619087219238,0.38401585817337036
205,0.0010000000474974513,0.5039852857589722,10.8154878616333,0.259840726852417,0.46895045042037964,10.026683807373047,0.41635996103286743
206,0.0010000000474974513,0.5062483549118042,11.196613311767578,0.20632117986679077,0.4663648307323456,9.91384506225586,0.417661190032959
207,0.0010000000474974513,0.518067479133606,11.096268653869629,0.23535609245300293,0.45846322178840637,9.530328750610352,0.39596498012542725
208,0.0010000000474974513,0.5410075783729553,11.76401424407959,0.17522090673446655,0.4806697964668274,10.184822082519531,0.373340368270874
209,0.0010000000474974513,0.4784391224384308,10.898117065429688,0.23847860097885132,0.4597315788269043,9.602753639221191,0.4437667727470398
210,0.0010000000474974513,0.470026433467865,10.167859077453613,0.3529198169708252,0.46810445189476013,9.716553688049316,0.3777691125869751
211,0.0010000000474974513,0.45415380597114563,9.685930252075195,0.3861743211746216,0.48185282945632935,10.035192489624023,0.35801708698272705
212,0.0010000000474974513,0.5097094178199768,11.164700508117676,0.2185714840888977,0.5098413825035095,11.094292640686035,0.3501981496810913
213,0.0010000000474974513,0.5156058073043823,11.041060447692871,0.24161207675933838,0.48078277707099915,10.405384063720703,0.4416658878326416
214,0.0010000000474974513,0.41908007860183716,9.21878433227539,0.21183186769485474,0.4757465124130249,10.050246238708496,0.40163475275039673
215,0.0010000000474974513,0.450255811214447,9.726982116699219,0.34859222173690796,0.4550560712814331,9.331839561462402,0.40021318197250366
216,0.0010000000474974513,0.38084420561790466,8.181532859802246,0.39145004749298096,0.4641531705856323,9.558699607849121,0.43762075901031494
217,0.0010000000474974513,0.441336452960968,9.490111351013184,0.41942834854125977,0.49079740047454834,10.306388854980469,0.3237264156341553
218,0.0010000000474974513,0.48714983463287354,11.202080726623535,-0.02565765380859375,0.5105243921279907,10.924688339233398,0.2974737882614136
219,0.0010000000474974513,0.43929362297058105,9.703509330749512,0.3537384867668152,0.4449993371963501,8.931855201721191,0.4232199788093567
220,0.0010000000474974513,0.5052081346511841,11.291779518127441,0.077114999294281,0.48074862360954285,9.909915924072266,0.4023175835609436
221,0.0010000000474974513,0.4597364068031311,9.700794219970703,0.35885077714920044,0.46901074051856995,9.768582344055176,0.41637903451919556
222,0.0010000000474974513,0.4155837893486023,8.899218559265137,0.4572896361351013,0.4755723178386688,9.919236183166504,0.3705707788467407
223,0.0010000000474974513,0.37002527713775635,8.175809860229492,0.5055439472198486,0.5603374242782593,11.884735107421875,0.15063118934631348
224,0.0010000000474974513,0.4804080128669739,10.329756736755371,0.2920982241630554,0.5111573934555054,10.711651802062988,0.2939984202384949
225,0.0010000000474974513,0.4770002067089081,10.507328033447266,0.19021636247634888,0.5541203022003174,12.214674949645996,0.2614288330078125
226,0.0010000000474974513,0.5253334641456604,11.181053161621094,0.129308819770813,0.6182981133460999,13.908242225646973,0.036881089210510254
227,0.0010000000474974513,0.4508926272392273,9.816970825195312,0.20385414361953735,0.592580258846283,13.109577178955078,0.16983991861343384
228,0.0010000000474974513,0.42183443903923035,9.380204200744629,0.17125403881072998,0.49515679478645325,10.359162330627441,0.319993257522583
229,0.0010000000474974513,0.49788495898246765,10.776463508605957,0.29032063484191895,0.5757684707641602,12.197592735290527,0.11470746994018555
230,0.0010000000474974513,0.4364278018474579,9.3790922164917,0.44966989755630493,0.5726158618927002,12.09273624420166,0.02135312557220459
231,0.0010000000474974513,0.4747532308101654,10.450435638427734,0.34196245670318604,0.5102015137672424,10.82087230682373,0.2128448486328125
232,0.0010000000474974513,0.38662683963775635,8.258363723754883,0.4951688051223755,0.6428032517433167,14.428666114807129,-0.04641067981719971
233,0.0010000000474974513,0.49757903814315796,10.867660522460938,0.25314104557037354,0.5827480554580688,13.0620756149292,0.05993854999542236
234,0.0010000000474974513,0.40261510014533997,8.598804473876953,0.47834569215774536,0.5242853760719299,11.33938980102539,0.22279834747314453
235,0.0010000000474974513,0.48713141679763794,10.52491569519043,0.2576964497566223,0.49536851048469543,10.617194175720215,0.34688758850097656
236,0.0010000000474974513,0.44501224160194397,9.671736717224121,0.42329204082489014,0.4600377082824707,9.473214149475098,0.3985247015953064
237,0.0010000000474974513,0.5209119915962219,11.345158576965332,0.10318166017532349,0.5496417880058289,12.014548301696777,0.2030356526374817
238,0.0010000000474974513,0.5308287143707275,11.649454116821289,0.17416435480117798,0.5176200270652771,11.090834617614746,0.2417370080947876
239,0.0010000000474974513,0.5073477029800415,11.205095291137695,0.2437572479248047,0.5054230690002441,10.822442054748535,0.33555173873901367
240,0.0010000000474974513,0.4318263828754425,9.24515438079834,0.4435633420944214,0.6084949970245361,13.662242889404297,0.06723511219024658
241,0.0010000000474974513,0.5083048939704895,11.142841339111328,0.10311460494995117,0.5373281240463257,11.898120880126953,0.1938549280166626
242,0.0010000000474974513,0.4809359610080719,10.4016695022583,0.24230146408081055,0.5614942312240601,12.026467323303223,0.08710700273513794
243,0.0010000000474974513,0.4660191833972931,9.99817180633545,0.3434697985649109,0.5802192687988281,12.635703086853027,-0.031642794609069824
244,0.0010000000474974513,0.46953925490379333,10.094924926757812,0.3555970788002014,0.5326632261276245,11.26156997680664,0.105060875415802
245,0.0010000000474974513,0.5451761484146118,11.689546585083008,0.16616272926330566,0.5066192150115967,10.509472846984863,0.2002217173576355
246,0.0010000000474974513,0.380257785320282,8.069825172424316,0.5570285320281982,0.46828699111938477,9.639847755432129,0.33306169509887695
247,0.0010000000474974513,0.441364049911499,9.496957778930664,0.296248197555542,0.4659033715724945,9.560785293579102,0.3650340437889099
248,0.0010000000474974513,0.45452460646629333,9.746286392211914,0.41294044256210327,0.5124496817588806,11.119609832763672,0.2809804677963257
249,0.0010000000474974513,0.34671804308891296,7.3572163581848145,0.5685992240905762,0.5222485065460205,11.381491661071777,0.250246524810791
250,0.0010000000474974513,0.4156837463378906,8.786863327026367,0.5168695449829102,0.44227704405784607,9.164076805114746,0.42446428537368774
251,0.0010000000474974513,0.3380885124206543,7.362002849578857,0.6319999098777771,0.5806602239608765,12.534064292907715,0.1535981297492981
252,0.0010000000474974513,0.4672006070613861,10.283427238464355,0.39928799867630005,0.5731183886528015,12.296239852905273,0.14570754766464233
253,0.0010000000474974513,0.4100914001464844,8.918736457824707,0.5187885761260986,0.46525704860687256,9.975032806396484,0.3910081386566162
254,0.0010000000474974513,0.42901962995529175,9.426567077636719,0.36865752935409546,0.48743438720703125,10.670083045959473,0.3389422297477722
255,0.0010000000474974513,0.39463338255882263,8.770630836486816,0.46889013051986694,0.4515374004840851,9.535587310791016,0.42692118883132935
256,0.0010000000474974513,0.4886710047721863,10.326138496398926,0.3372253179550171,0.4741717278957367,9.825578689575195,0.31836646795272827
257,0.0010000000474974513,0.4543168544769287,9.89051628112793,0.4097597599029541,0.46128976345062256,9.462018013000488,0.33539730310440063
258,0.0010000000474974513,0.44411203265190125,9.506569862365723,0.3165047764778137,0.4394763112068176,8.96392822265625,0.4053710103034973
259,0.0010000000474974513,0.36663568019866943,7.864627838134766,0.6063163876533508,0.4279264211654663,8.909491539001465,0.4962690472602844
260,0.0010000000474974513,0.4636249244213104,10.011744499206543,0.36328446865081787,0.46592843532562256,9.83780288696289,0.43228238821029663
261,0.0010000000474974513,0.4521087408065796,9.859593391418457,0.3047594428062439,0.4528329074382782,9.391382217407227,0.4650675058364868
262,0.0010000000474974513,0.4397161304950714,9.455070495605469,0.4302053451538086,0.4703581631183624,9.991230010986328,0.44254976511001587
263,0.0010000000474974513,0.40798693895339966,9.029308319091797,0.3968169093132019,0.48866549134254456,10.205368995666504,0.34502947330474854
264,0.0010000000474974513,0.3877035677433014,8.496973991394043,0.5140193700790405,0.5368508696556091,11.18824291229248,0.2060430645942688
265,0.0010000000474974513,0.44368892908096313,9.456932067871094,0.461742103099823,0.48440009355545044,10.052422523498535,0.40636736154556274
266,0.0010000000474974513,0.4251039922237396,9.018509864807129,0.3534230589866638,0.44776374101638794,9.562923431396484,0.5265061855316162
267,0.0010000000474974513,0.37306705117225647,7.739349842071533,0.5529229640960693,0.4365741014480591,9.415005683898926,0.5325769782066345
268,0.0010000000474974513,0.4417073130607605,9.65417194366455,0.3300599455833435,0.41186922788619995,8.461877822875977,0.5520915985107422
269,0.0010000000474974513,0.38841891288757324,8.54796028137207,0.4799279570579529,0.4558209478855133,9.318900108337402,0.33577167987823486
270,0.0010000000474974513,0.40969544649124146,8.79466438293457,0.411121129989624,0.46382930874824524,9.584020614624023,0.309567391872406
271,0.0010000000474974513,0.5325543880462646,11.918436050415039,0.07137101888656616,0.4418501853942871,9.273603439331055,0.453546404838562
272,0.0010000000474974513,0.4379904866218567,9.813457489013672,0.3171030282974243,0.47001829743385315,10.031082153320312,0.42696613073349
273,0.0010000000474974513,0.5067039132118225,11.041296005249023,0.2321634292602539,0.47434207797050476,10.011380195617676,0.4374474287033081
274,0.0010000000474974513,0.38083040714263916,8.177703857421875,0.6014460325241089,0.48290616273880005,10.44983196258545,0.4575599431991577
275,0.0010000000474974513,0.38755813241004944,8.334890365600586,0.5213185548782349,0.4658392071723938,9.78860855102539,0.4160569906234741
276,0.0010000000474974513,0.47876736521720886,10.255114555358887,0.3269042372703552,0.4536002278327942,9.680508613586426,0.4328850507736206
277,0.0010000000474974513,0.4498734474182129,9.67100715637207,0.3553157448768616,0.49606725573539734,10.709959983825684,0.292571485042572
278,0.0010000000474974513,0.4114813804626465,9.18321418762207,0.3270449638366699,0.5078073740005493,11.085494041442871,0.30728280544281006
279,0.0010000000474974513,0.40842553973197937,8.790404319763184,0.5568568706512451,0.5319719910621643,11.787972450256348,0.23576045036315918
280,0.0010000000474974513,0.4298131465911865,9.327505111694336,0.4367449879646301,0.5053894519805908,10.852967262268066,0.2476983666419983
281,0.0010000000474974513,0.45260313153266907,9.710237503051758,0.4046260118484497,0.502634584903717,10.275579452514648,0.08225369453430176
282,0.0010000000474974513,0.5582815408706665,12.104399681091309,0.06890314817428589,0.5348690152168274,11.012578010559082,-0.06768834590911865
283,0.0010000000474974513,0.563580334186554,12.268587112426758,0.02877587080001831,0.47098472714424133,9.697659492492676,0.34370583295822144
284,0.0010000000474974513,0.44652822613716125,9.506757736206055,0.3789668083190918,0.43403148651123047,8.988295555114746,0.4725876450538635
285,0.0010000000474974513,0.4368206858634949,9.569354057312012,0.4096370339393616,0.44295090436935425,9.3468017578125,0.470703661441803
286,0.0010000000474974513,0.3382281959056854,7.584053039550781,0.6153498888015747,0.5182237029075623,11.543407440185547,0.30417150259017944
287,0.0010000000474974513,0.4432446360588074,9.580606460571289,0.386954665184021,0.538538932800293,11.952587127685547,0.19321274757385254
288,0.0010000000474974513,0.41076725721359253,8.923728942871094,0.48450297117233276,0.5529683828353882,12.35312557220459,0.1547566056251526
289,0.0010000000474974513,0.369808167219162,8.153207778930664,0.5628132224082947,0.5821623206138611,12.974211692810059,0.0681338906288147
290,0.0010000000474974513,0.44653570652008057,9.597384452819824,0.3655852675437927,0.566375195980072,12.579477310180664,0.2165471315383911
291,0.0010000000474974513,0.3735732138156891,8.114690780639648,0.5228562951087952,0.5330992937088013,11.90725040435791,0.31045210361480713
292,0.0010000000474974513,0.41047555208206177,8.672820091247559,0.4937482476234436,0.5085696578025818,11.089191436767578,0.3828759789466858
293,0.0010000000474974513,0.3937907814979553,8.615043640136719,0.5007952451705933,0.4838259518146515,10.232460975646973,0.38330185413360596
294,0.0010000000474974513,0.4671033024787903,10.114270210266113,0.3288869261741638,0.4801206588745117,10.079026222229004,0.3197716474533081
295,0.0010000000474974513,0.3638107180595398,8.029662132263184,0.5624929666519165,0.4818962812423706,10.02740478515625,0.2686961889266968
296,0.0010000000474974513,0.4487546682357788,9.594013214111328,0.4136626720428467,0.5356976985931396,11.78494930267334,0.2561853528022766
297,0.0010000000474974513,0.4211220145225525,8.984329223632812,0.4312668442726135,0.6155944466590881,14.016274452209473,0.04831939935684204
298,0.0010000000474974513,0.4736745357513428,10.161116600036621,0.38437342643737793,0.5811319947242737,13.210689544677734,0.1629311442375183
299,0.0010000000474974513,0.43612393736839294,9.091809272766113,0.3788071274757385,0.4976441264152527,10.530911445617676,0.3839462399482727
300,0.0010000000474974513,0.4116661250591278,8.892864227294922,0.47030049562454224,0.5417439341545105,11.474989891052246,0.16460436582565308
301,0.0010000000474974513,0.3804989755153656,8.199007987976074,0.5482093095779419,0.5315186977386475,11.244302749633789,0.1222449541091919
302,0.0010000000474974513,0.3336904048919678,7.2864789962768555,0.6565297245979309,0.513133704662323,10.99919319152832,0.2445911169052124
303,0.0010000000474974513,0.4578039348125458,10.080402374267578,0.41974878311157227,0.5869032144546509,13.119512557983398,0.12385451793670654
304,0.0010000000474974513,0.5007728934288025,10.663968086242676,0.26651495695114136,0.5310415625572205,11.86641788482666,0.22664326429367065
305,0.0010000000474974513,0.44494929909706116,9.540351867675781,0.3766024708747864,0.5186591148376465,11.199601173400879,0.23536604642868042
306,0.0010000000474974513,0.4647613763809204,10.097049713134766,0.3869457244873047,0.49760550260543823,10.50191879272461,0.2862955927848816
307,0.0010000000474974513,0.5038953423500061,10.976701736450195,0.20761269330978394,0.4828794598579407,10.210124015808105,0.3841952085494995
308,0.0010000000474974513,0.4773150086402893,10.216472625732422,0.29633647203445435,0.48458626866340637,10.458349227905273,0.4193575978279114
309,0.0010000000474974513,0.5148867964744568,10.93603515625,0.20740067958831787,0.4587002098560333,9.446702003479004,0.36033713817596436
310,0.0010000000474974513,0.45069724321365356,10.035966873168945,0.36034882068634033,0.4511360228061676,9.383434295654297,0.4652964472770691
311,0.0010000000474974513,0.45535358786582947,10.018714904785156,0.3496631383895874,0.4300785958766937,8.834203720092773,0.5346426963806152
312,0.0010000000474974513,0.38691040873527527,8.573792457580566,0.5577918291091919,0.4888225793838501,10.532492637634277,0.394006609916687
313,0.0010000000474974513,0.447745144367218,9.702483177185059,0.32244187593460083,0.48421812057495117,10.433578491210938,0.4031165838241577
314,0.0010000000474974513,0.3454637825489044,7.708572864532471,0.645783543586731,0.483918696641922,10.421784400939941,0.41071003675460815
315,0.0010000000474974513,0.45988836884498596,10.018256187438965,0.3399413824081421,0.4920119047164917,10.941266059875488,0.4034191966056824
316,0.0010000000474974513,0.46186012029647827,9.574026107788086,0.3165384531021118,0.4912916123867035,10.967798233032227,0.38655078411102295
317,0.0010000000474974513,0.3897702097892761,8.630019187927246,0.523605465888977,0.468629390001297,10.160208702087402,0.45668137073516846
318,0.0010000000474974513,0.436982125043869,9.668972969055176,0.42108553647994995,0.4667547345161438,9.68368911743164,0.4246593713760376
319,0.0010000000474974513,0.3680915832519531,7.963419437408447,0.5826476812362671,0.4931768476963043,10.522930145263672,0.33640730381011963
320,0.0010000000474974513,0.5077864527702332,10.93654727935791,0.22336971759796143,0.4638075530529022,9.956771850585938,0.46006572246551514
321,0.0010000000474974513,0.38777846097946167,8.29378890991211,0.5560606122016907,0.44365179538726807,9.495636940002441,0.5109436511993408
322,0.0010000000474974513,0.3805886507034302,8.280313491821289,0.5501402616500854,0.4224732220172882,8.923782348632812,0.5681670308113098
323,0.0010000000474974513,0.40676867961883545,9.208563804626465,0.46302229166030884,0.42349520325660706,8.743084907531738,0.5718770027160645
324,0.0010000000474974513,0.41652971506118774,9.034022331237793,0.4509161710739136,0.48857390880584717,10.222210884094238,0.4411770701408386
325,0.0010000000474974513,0.48064345121383667,10.336332321166992,0.2681695818901062,0.5305039286613464,11.235539436340332,0.34558582305908203
326,0.0010000000474974513,0.5038704872131348,11.305253028869629,0.0806429386138916,0.5426355004310608,11.714038848876953,0.3214179277420044
327,0.0010000000474974513,0.3532208800315857,7.986019134521484,0.6069869995117188,0.5227290987968445,11.317779541015625,0.35087519884109497
328,0.0010000000474974513,0.3728576600551605,7.935614109039307,0.5486621856689453,0.4967389404773712,10.928272247314453,0.3420131206512451
329,0.0010000000474974513,0.3349122703075409,7.182579040527344,0.6601680517196655,0.5103949904441833,11.25693416595459,0.24567586183547974
330,0.0010000000474974513,0.3221428096294403,6.802647590637207,0.6862339973449707,0.5252940654754639,11.45931339263916,0.24550819396972656
331,0.0010000000474974513,0.43095412850379944,9.136122703552246,0.39237409830093384,0.4505774676799774,9.44451904296875,0.44382691383361816
332,0.0010000000474974513,0.45743802189826965,9.931262969970703,0.43487924337387085,0.45876845717430115,9.587933540344238,0.4332427382469177
333,0.0010000000474974513,0.40858349204063416,8.533702850341797,0.4816341996192932,0.46925362944602966,9.884647369384766,0.44729477167129517
334,0.0010000000474974513,0.4727131724357605,10.25605583190918,0.32511991262435913,0.4438914358615875,9.0820894241333,0.4763290286064148
335,0.0010000000474974513,0.4285169243812561,9.478400230407715,0.43245071172714233,0.4612899720668793,9.900087356567383,0.5144546031951904
336,0.0010000000474974513,0.38834765553474426,8.308919906616211,0.5338548421859741,0.5030995011329651,11.067458152770996,0.4211757779121399
337,0.0010000000474974513,0.4390510320663452,9.244534492492676,0.30499815940856934,0.5250998139381409,11.759893417358398,0.328005850315094
338,0.0010000000474974513,0.47303757071495056,10.106928825378418,0.10345208644866943,0.4669203460216522,10.085367202758789,0.5072159767150879
339,0.0010000000474974513,0.3595053255558014,7.566115856170654,0.546419620513916,0.5306082367897034,11.155928611755371,0.16202378273010254
340,0.0010000000474974513,0.5111323595046997,11.119487762451172,0.22161835432052612,0.480608195066452,10.103363990783691,0.3273305892944336
341,0.0010000000474974513,0.36659878492355347,8.181407928466797,0.5906383991241455,0.47969532012939453,10.316380500793457,0.42072951793670654
342,0.0010000000474974513,0.36252057552337646,7.810393810272217,0.5662057399749756,0.5246845483779907,11.675643920898438,0.31633472442626953
343,0.0010000000474974513,0.38932207226753235,8.481424331665039,0.3558081388473511,0.5299190282821655,11.561141014099121,0.26942306756973267
344,0.0010000000474974513,0.42147183418273926,9.309654235839844,0.4601612091064453,0.49081575870513916,10.363758087158203,0.30466026067733765
345,0.0010000000474974513,0.3596349060535431,7.912379741668701,0.571299135684967,0.5085224509239197,11.066222190856934,0.33215540647506714
346,0.0010000000474974513,0.357677698135376,7.819415092468262,0.5166417360305786,0.5467310547828674,12.13802433013916,0.233049213886261
347,0.0010000000474974513,0.4403122365474701,9.57304573059082,0.34592920541763306,0.49653834104537964,10.840819358825684,0.3815354108810425
348,0.0010000000474974513,0.36015209555625916,7.870839595794678,0.46940726041793823,0.45014554262161255,9.320480346679688,0.38146960735321045
349,0.0010000000474974513,0.46219325065612793,10.395419120788574,0.28045016527175903,0.5377630591392517,11.289342880249023,0.24849218130111694
350,0.0010000000474974513,0.39433860778808594,8.77968978881836,0.5292224884033203,0.44643375277519226,9.5751314163208,0.5496253967285156
351,0.0010000000474974513,0.4157842993736267,9.33102035522461,0.4461818337440491,0.4720180630683899,10.464516639709473,0.5084371566772461
352,0.0010000000474974513,0.31801819801330566,6.6491265296936035,0.6495757102966309,0.46714991331100464,10.053434371948242,0.44601935148239136
353,0.0010000000474974513,0.3723915219306946,8.1397705078125,0.6008037328720093,0.4776047468185425,9.855332374572754,0.21669793128967285
354,0.0010000000474974513,0.4768839478492737,10.301187515258789,0.29679328203201294,0.4762916564941406,10.023902893066406,0.37904196977615356
355,0.0010000000474974513,0.3745858371257782,8.064608573913574,0.5218089818954468,0.4723847210407257,10.250603675842285,0.435522198677063
356,0.0010000000474974513,0.4130246341228485,8.911831855773926,0.40222883224487305,0.49869421124458313,11.028889656066895,0.33179980516433716
357,0.0010000000474974513,0.4463876485824585,9.795587539672852,0.30231815576553345,0.5358780026435852,11.6670560836792,0.1943928599357605
358,0.0010000000474974513,0.37518662214279175,8.145974159240723,0.6199566721916199,0.5218496918678284,11.348272323608398,0.2656661868095398
359,0.0010000000474974513,0.33070218563079834,7.246079921722412,0.5489377975463867,0.4768122732639313,10.331401824951172,0.49394869804382324
360,0.0010000000474974513,0.44042474031448364,9.76164436340332,0.36322474479675293,0.46972644329071045,9.86413288116455,0.4790935516357422
361,0.0010000000474974513,0.40084558725357056,8.784516334533691,0.48002636432647705,0.489283949136734,10.39785385131836,0.44167816638946533
362,0.0010000000474974513,0.3899037539958954,8.456771850585938,0.5627826452255249,0.5164127945899963,11.425885200500488,0.32604897022247314
363,0.0010000000474974513,0.5201442837715149,11.129249572753906,0.12274521589279175,0.5525121688842773,12.495294570922852,0.18178635835647583
364,0.0010000000474974513,0.38384076952934265,8.240028381347656,0.5550628900527954,0.5253751277923584,11.577200889587402,0.3123302459716797
365,0.0010000000474974513,0.3659319579601288,7.9746527671813965,0.6150508522987366,0.5171371102333069,11.039061546325684,0.24225205183029175
366,0.0010000000474974513,0.5187903642654419,11.032561302185059,0.21319591999053955,0.5234280824661255,11.196624755859375,0.18797260522842407
367,0.0010000000474974513,0.3066236674785614,6.617713928222656,0.6948895454406738,0.5774816274642944,12.648118019104004,0.000957190990447998
368,0.0010000000474974513,0.3806760311126709,8.233424186706543,0.554082453250885,0.5764951109886169,12.711675643920898,0.06269967555999756
369,0.0010000000474974513,0.39990949630737305,8.307173728942871,0.3553354740142822,0.5123242139816284,10.731276512145996,0.15894168615341187
370,0.0010000000474974513,0.30716267228126526,6.777778625488281,0.6767181754112244,0.4998658299446106,10.410948753356934,0.1953030824661255
371,0.0010000000474974513,0.4119317829608917,9.062560081481934,0.5038368701934814,0.5411121845245361,11.682907104492188,0.1606476902961731
372,0.0010000000474974513,0.3820616602897644,8.095704078674316,0.5421234369277954,0.5711454153060913,12.390089988708496,0.040333449840545654
373,0.0010000000474974513,0.42614832520484924,9.376726150512695,0.4384978413581848,0.5491260290145874,11.647403717041016,0.016438961029052734
374,0.0010000000474974513,0.40983304381370544,8.847024917602539,0.49129921197891235,0.5233539342880249,10.971835136413574,0.08990645408630371
375,0.0010000000474974513,0.38836249709129333,8.483667373657227,0.44971323013305664,0.5336284637451172,11.425018310546875,0.18278980255126953
376,0.0010000000474974513,0.3979634642601013,8.684093475341797,0.49241721630096436,0.5726608037948608,12.781929969787598,0.12288957834243774
377,0.0010000000474974513,0.40795397758483887,8.629334449768066,0.5152813196182251,0.5767823457717896,13.038857460021973,0.11043256521224976
378,0.0010000000474974513,0.409366637468338,8.663222312927246,0.3847942352294922,0.5370619297027588,11.520472526550293,0.23475909233093262
379,0.0010000000474974513,0.41582947969436646,9.089890480041504,0.5132501125335693,0.5327091813087463,11.556002616882324,0.2697147727012634
380,0.0010000000474974513,0.4191126823425293,9.015049934387207,0.5228948593139648,0.5325803756713867,11.620102882385254,0.2977690100669861
381,0.0010000000474974513,0.4118536710739136,8.819546699523926,0.4042361378669739,0.5129174590110779,10.95753288269043,0.3182637691497803
382,0.0010000000474974513,0.30571186542510986,6.750953674316406,0.6583960056304932,0.4966569244861603,10.445731163024902,0.3371157646179199
383,0.0010000000474974513,0.3633229434490204,7.763949871063232,0.5555537343025208,0.4813387095928192,9.880141258239746,0.29381585121154785
384,0.0010000000474974513,0.45749372243881226,9.866791725158691,0.3856404423713684,0.5012916922569275,10.359539985656738,0.21633434295654297
385,0.0010000000474974513,0.3723309636116028,8.246541023254395,0.5575111508369446,0.5102523565292358,10.781907081604004,0.265200674533844
386,0.0010000000474974513,0.3427653908729553,7.374940395355225,0.6506649851799011,0.5134028792381287,11.005438804626465,0.2869832515716553
387,0.0010000000474974513,0.36250123381614685,7.901637077331543,0.5467442870140076,0.5529434680938721,12.067914009094238,0.14126425981521606
388,0.0010000000474974513,0.42231228947639465,8.960186004638672,0.5101068019866943,0.5597758889198303,11.967791557312012,0.03643810749053955
389,0.0010000000474974513,0.45894840359687805,9.79616928100586,0.34610044956207275,0.5669422149658203,11.900945663452148,-0.012108802795410156
390,0.0010000000474974513,0.31932008266448975,6.888336181640625,0.6631966233253479,0.5523822903633118,11.898489952087402,0.15307623147964478
391,0.0010000000474974513,0.3842799961566925,8.270223617553711,0.5753024816513062,0.5385879874229431,11.571776390075684,0.19444531202316284
392,0.0010000000474974513,0.3868544399738312,8.400663375854492,0.5319252014160156,0.5591728091239929,12.305902481079102,0.17486721277236938
393,0.0010000000474974513,0.41645872592926025,8.843750953674316,0.40672385692596436,0.5462994575500488,12.123327255249023,0.27720361948013306
394,0.0010000000474974513,0.3772512972354889,8.07028865814209,0.548272967338562,0.5107862949371338,11.038851737976074,0.36409276723861694
395,0.0010000000474974513,0.38753002882003784,8.25997257232666,0.5287195444107056,0.5183123350143433,11.00368881225586,0.24569237232208252
396,0.0010000000474974513,0.4420626163482666,9.322051048278809,0.398853063583374,0.5265262722969055,11.426260948181152,0.2806715965270996
397,0.0010000000474974513,0.4353698492050171,9.616859436035156,0.39952588081359863,0.4968115985393524,10.680209159851074,0.3904362916946411
398,0.0010000000474974513,0.3887779414653778,8.500212669372559,0.5463384389877319,0.4667990803718567,9.656731605529785,0.41398829221725464
399,0.0010000000474974513,0.42209526896476746,9.28618335723877,0.42456668615341187,0.5146057605743408,10.683722496032715,0.11512953042984009
400,0.0010000000474974513,0.44256070256233215,9.675233840942383,0.4028685688972473,0.5080282688140869,10.468179702758789,0.09785300493240356
401,0.0010000000474974513,0.4875269830226898,10.832317352294922,0.27359843254089355,0.4864637553691864,10.211433410644531,0.31653648614883423
402,0.0010000000474974513,0.4284377992153168,9.51390552520752,0.3742956519126892,0.5422960519790649,11.953363418579102,0.2852019667625427
403,0.0010000000474974513,0.35138189792633057,7.83962869644165,0.5575373768806458,0.5994504690170288,13.68612003326416,0.072581946849823
404,0.0010000000474974513,0.39483439922332764,8.70317268371582,0.5528110265731812,0.5808481574058533,13.054154396057129,0.0979718565940857
405,0.0010000000474974513,0.39418116211891174,8.459162712097168,0.5434010624885559,0.5857667922973633,13.063736915588379,0.019688546657562256
406,0.0010000000474974513,0.36734771728515625,8.066622734069824,0.5567305684089661,0.6132684350013733,13.349776268005371,-0.049709439277648926
407,0.0010000000474974513,0.42082616686820984,9.079232215881348,0.3981902003288269,0.5275664329528809,11.101947784423828,0.24904727935791016
408,0.0010000000474974513,0.4022097587585449,8.88049602508545,0.4730992317199707,0.4809592068195343,9.961292266845703,0.43269121646881104
409,0.0010000000474974513,0.470334529876709,10.24240779876709,0.2475224733352661,0.48488950729370117,10.192582130432129,0.3963596224784851
410,0.0010000000474974513,0.364334374666214,7.666158199310303,0.5954512357711792,0.5064104795455933,10.715866088867188,0.32656073570251465
411,0.0010000000474974513,0.3418091833591461,7.42885160446167,0.6462719440460205,0.5231761932373047,11.187193870544434,0.28549909591674805
412,0.0010000000474974513,0.3744242489337921,8.53188419342041,0.4740417003631592,0.5220080018043518,11.22360610961914,0.3024090528488159
413,0.0010000000474974513,0.3546786308288574,7.824113368988037,0.6322046518325806,0.5337190628051758,11.49332046508789,0.2496916651725769
414,0.0010000000474974513,0.38801029324531555,8.413390159606934,0.4538097381591797,0.6083679795265198,13.008258819580078,-0.054288625717163086
415,0.0010000000474974513,0.49522119760513306,10.817520141601562,0.2581523656845093,0.5382366180419922,11.111006736755371,0.052064359188079834
416,0.0010000000474974513,0.38134750723838806,8.599872589111328,0.5195939540863037,0.5000925064086914,10.19186782836914,0.1805105209350586
417,0.0010000000474974513,0.40372058749198914,8.820564270019531,0.48248451948165894,0.510143518447876,10.803024291992188,0.2907688021659851
418,0.0010000000474974513,0.3389246165752411,7.453621864318848,0.620212197303772,0.5253974795341492,11.389870643615723,0.26105648279190063
419,0.0010000000474974513,0.3853597044944763,8.46639347076416,0.534355640411377,0.5572972893714905,12.265426635742188,0.15072280168533325
420,0.0010000000474974513,0.36468517780303955,8.040366172790527,0.5868735313415527,0.5729235410690308,12.7453031539917,0.10120004415512085
421,0.0010000000474974513,0.40631747245788574,9.005027770996094,0.42881160974502563,0.5528669357299805,12.239058494567871,0.1895352005958557
422,0.0010000000474974513,0.44118720293045044,9.49965763092041,0.3936217427253723,0.5055221319198608,10.621003150939941,0.2921087145805359
423,0.0010000000474974513,0.38538795709609985,8.372466087341309,0.5813432931900024,0.5128695964813232,10.674694061279297,0.19696331024169922
424,0.0010000000474974513,0.3273076117038727,7.336016654968262,0.6699625849723816,0.49235105514526367,10.242926597595215,0.3134288787841797
425,0.0010000000474974513,0.3820324242115021,8.377206802368164,0.5465363264083862,0.5203126668930054,11.148659706115723,0.28715968132019043
426,0.0010000000474974513,0.3804210424423218,8.12911319732666,0.5390379428863525,0.5700361728668213,12.916189193725586,0.16069483757019043
427,0.0010000000474974513,0.3733859062194824,8.187049865722656,0.5857526063919067,0.5529921650886536,12.326944351196289,0.23573309183120728
428,0.0010000000474974513,0.3743513524532318,7.830570220947266,0.5828604698181152,0.5377204418182373,11.692776679992676,0.235051691532135
429,0.0010000000474974513,0.36995700001716614,8.181642532348633,0.5580954551696777,0.5360181927680969,11.792471885681152,0.24432307481765747
430,0.0010000000474974513,0.36167725920677185,7.749060153961182,0.6412539482116699,0.5127439498901367,11.198912620544434,0.3355892300605774
431,0.0010000000474974513,0.3303214907646179,6.9753642082214355,0.6176537275314331,0.4855444133281708,10.43280029296875,0.41525471210479736
432,0.0010000000474974513,0.3681257963180542,7.957108020782471,0.6318626403808594,0.46313273906707764,9.785943984985352,0.4781787395477295
433,0.0010000000474974513,0.3758014440536499,8.307221412658691,0.5847719311714172,0.46698328852653503,9.6886568069458,0.35620617866516113
434,0.0010000000474974513,0.379470556974411,8.344145774841309,0.5524728298187256,0.4987727999687195,10.345488548278809,0.244290292263031
435,0.0010000000474974513,0.3728117346763611,8.194681167602539,0.5790468454360962,0.48063838481903076,10.379599571228027,0.4656001329421997
436,0.0010000000474974513,0.34833821654319763,7.502965927124023,0.6282461881637573,0.5099771618843079,11.419027328491211,0.43727976083755493
437,0.0010000000474974513,0.39222273230552673,8.527146339416504,0.4712443947792053,0.49789169430732727,11.002394676208496,0.46215206384658813
438,0.0010000000474974513,0.3853066861629486,8.469265937805176,0.6001136302947998,0.47858476638793945,10.408646583557129,0.44647228717803955
439,0.0010000000474974513,0.3602418005466461,7.826232433319092,0.6258344054222107,0.47038161754608154,10.070244789123535,0.45054686069488525
440,0.0010000000474974513,0.3622404634952545,8.297896385192871,0.5927315950393677,0.5432870984077454,11.871337890625,0.30651378631591797
441,0.0010000000474974513,0.44980737566947937,9.953278541564941,0.37051987648010254,0.5121145248413086,11.021693229675293,0.3289230465888977
442,0.0010000000474974513,0.4031045138835907,8.824203491210938,0.4576452970504761,0.4543149769306183,9.75158977508545,0.5279128551483154
443,0.0010000000474974513,0.39569538831710815,8.475807189941406,0.4816349148750305,0.47975394129753113,10.574173927307129,0.48204880952835083
