epoch,learning_rate,loss,mape,r2_score,val_loss,val_mape,val_r2_score
0,0.0010000000474974513,4.317133903503418,89.0438232421875,-36.51715087890625,4.223635673522949,86.47554779052734,-35.763023376464844
1,0.0010000000474974513,3.8079264163970947,78.85958099365234,-30.00482749938965,3.9701764583587646,81.3265380859375,-32.72653579711914
2,0.0010000000474974513,3.436405658721924,71.16048431396484,-27.174776077270508,3.6693570613861084,74.99085998535156,-29.85488510131836
3,0.0010000000474974513,3.191326856613159,65.74569702148438,-24.992042541503906,3.4297986030578613,69.66868591308594,-27.91648292541504
4,0.0010000000474974513,3.0118777751922607,61.68476486206055,-23.292831420898438,3.2684760093688965,65.67960357666016,-26.768936157226562
5,0.0010000000474974513,2.926032304763794,59.89801788330078,-22.467153549194336,3.267707586288452,65.95832824707031,-26.496694564819336
6,0.0010000000474974513,2.8038153648376465,57.22077941894531,-21.10830307006836,3.2444567680358887,65.46058654785156,-26.235179901123047
7,0.0010000000474974513,2.723959445953369,55.752342224121094,-20.264400482177734,3.2141835689544678,64.64834594726562,-25.89015007019043
8,0.0010000000474974513,2.4900834560394287,50.661590576171875,-18.802770614624023,3.1831881999969482,64.02249908447266,-25.48482894897461
9,0.0010000000474974513,2.5276200771331787,51.54802703857422,-18.992605209350586,3.137907028198242,63.18759536743164,-24.960710525512695
10,0.0010000000474974513,2.4001150131225586,49.39518737792969,-17.753677368164062,3.045884132385254,61.524513244628906,-24.02415657043457
11,0.0010000000474974513,2.403623342514038,49.66858673095703,-17.769834518432617,2.9532651901245117,59.77634048461914,-23.079700469970703
12,0.0010000000474974513,2.301612615585327,47.254085540771484,-17.348867416381836,2.912156105041504,59.069644927978516,-22.543010711669922
13,0.0010000000474974513,2.171065092086792,44.64446258544922,-15.677396774291992,2.868454933166504,58.21228790283203,-22.049179077148438
14,0.0010000000474974513,2.2196242809295654,45.66951370239258,-15.712656021118164,2.7697436809539795,55.88732147216797,-21.343767166137695
15,0.0010000000474974513,2.3308002948760986,48.77106475830078,-16.876333236694336,2.6498475074768066,53.32796096801758,-20.52802848815918
16,0.0010000000474974513,2.1530921459198,44.82078170776367,-15.433446884155273,2.6272940635681152,53.17485046386719,-20.063589096069336
17,0.0010000000474974513,2.1833384037017822,45.791404724121094,-15.40202522277832,2.5698108673095703,51.858192443847656,-19.706722259521484
18,0.0010000000474974513,2.2694506645202637,47.202545166015625,-16.604305267333984,2.5583314895629883,51.81037902832031,-19.360559463500977
19,0.0010000000474974513,2.0755562782287598,42.9164924621582,-15.029008865356445,2.5193064212799072,51.020816802978516,-18.97280502319336
20,0.0010000000474974513,2.056596517562866,43.00217056274414,-14.285984992980957,2.4704999923706055,50.06904602050781,-18.54265022277832
21,0.0010000000474974513,2.0559616088867188,42.82588195800781,-14.301426887512207,2.4114809036254883,48.89059829711914,-18.121145248413086
22,0.0010000000474974513,2.0847249031066895,43.31796646118164,-14.449969291687012,2.3881306648254395,48.64929962158203,-17.80271339416504
23,0.0010000000474974513,2.0806896686553955,43.03156280517578,-14.454018592834473,2.350137710571289,47.93294143676758,-17.422325134277344
24,0.0010000000474974513,1.9732779264450073,40.81557083129883,-13.81980037689209,2.284410238265991,46.419185638427734,-17.073089599609375
25,0.0010000000474974513,1.903281569480896,39.62358474731445,-12.792326927185059,2.2370195388793945,45.4671516418457,-16.79857635498047
26,0.0010000000474974513,2.0184860229492188,42.215728759765625,-13.904534339904785,2.2072036266326904,44.91681671142578,-16.583871841430664
27,0.0010000000474974513,2.0091633796691895,42.2282829284668,-13.701921463012695,2.1843984127044678,44.482269287109375,-16.394262313842773
28,0.0010000000474974513,1.861049771308899,39.1716194152832,-12.51788330078125,2.176407814025879,44.235347747802734,-16.257436752319336
29,0.0010000000474974513,1.9180740118026733,40.817466735839844,-12.784558296203613,2.175267219543457,44.33479690551758,-16.108558654785156
30,0.0010000000474974513,1.7440109252929688,36.88827133178711,-11.906434059143066,2.123192548751831,43.320865631103516,-15.91740608215332
31,0.0010000000474974513,1.8784046173095703,39.652366638183594,-12.340423583984375,2.1017866134643555,42.875526428222656,-15.700178146362305
32,0.0010000000474974513,1.7585357427597046,37.35727310180664,-11.916157722473145,2.095794916152954,42.990379333496094,-15.419078826904297
33,0.0010000000474974513,1.788446068763733,38.00139236450195,-11.934219360351562,2.1283233165740967,44.229129791259766,-15.278923034667969
34,0.0010000000474974513,1.7149282693862915,36.49543762207031,-11.882922172546387,2.082798480987549,43.38898468017578,-14.69210433959961
35,0.0010000000474974513,1.7774661779403687,38.12397766113281,-11.947912216186523,2.0385148525238037,42.499088287353516,-14.057636260986328
36,0.0010000000474974513,1.6955113410949707,36.02980422973633,-11.412896156311035,1.9385042190551758,40.13108444213867,-13.0323486328125
37,0.0010000000474974513,1.672611951828003,35.47427749633789,-11.209550857543945,1.8640151023864746,38.4012565612793,-12.177985191345215
38,0.0010000000474974513,1.7837997674942017,37.91139221191406,-11.863785743713379,1.8485804796218872,38.23883819580078,-11.798545837402344
39,0.0010000000474974513,1.6572659015655518,34.8940544128418,-11.547475814819336,1.7919143438339233,37.445064544677734,-11.460341453552246
40,0.0010000000474974513,1.6150239706039429,34.10063171386719,-11.39713191986084,1.7954344749450684,37.642940521240234,-11.28945541381836
41,0.0010000000474974513,1.7296650409698486,37.34737014770508,-11.788495063781738,1.745057225227356,36.589515686035156,-10.814643859863281
42,0.0010000000474974513,1.681431770324707,35.825599670410156,-11.497763633728027,1.6784220933914185,34.96466827392578,-10.209888458251953
43,0.0010000000474974513,1.6055116653442383,33.962913513183594,-10.99472713470459,1.7216755151748657,36.04751205444336,-10.22309684753418
44,0.0010000000474974513,1.6784350872039795,35.48463439941406,-10.682540893554688,1.663435459136963,34.86430740356445,-9.98819637298584
45,0.0010000000474974513,1.6813862323760986,35.64836883544922,-11.432860374450684,1.6340326070785522,34.25159454345703,-9.732590675354004
46,0.0010000000474974513,1.6649776697158813,35.25031661987305,-10.923979759216309,1.6326595544815063,34.3925895690918,-9.5664644241333
47,0.0010000000474974513,1.7054589986801147,36.0689582824707,-11.36808967590332,1.5957342386245728,33.50917434692383,-9.249814987182617
48,0.0010000000474974513,1.7067886590957642,36.367923736572266,-11.179875373840332,1.5025341510772705,31.093521118164062,-8.710488319396973
49,0.0010000000474974513,1.570629358291626,33.040645599365234,-10.902000427246094,1.5301501750946045,32.08909606933594,-8.550880432128906
50,0.0010000000474974513,1.7026991844177246,36.0283203125,-11.263585090637207,1.4436568021774292,30.205421447753906,-8.301135063171387
51,0.0010000000474974513,1.6337767839431763,34.26303482055664,-10.749204635620117,1.4150701761245728,29.475522994995117,-8.185304641723633
52,0.0010000000474974513,1.7221156358718872,36.65664291381836,-11.23764705657959,1.3977060317993164,29.08570671081543,-8.103219985961914
53,0.0010000000474974513,1.5698740482330322,32.92170715332031,-10.455280303955078,1.3911347389221191,28.901674270629883,-8.077620506286621
54,0.0010000000474974513,1.5951188802719116,33.496253967285156,-10.176336288452148,1.3656110763549805,28.36384391784668,-7.966256141662598
55,0.0010000000474974513,1.6034064292907715,33.54518127441406,-10.365779876708984,1.3425101041793823,27.881935119628906,-7.866071701049805
56,0.0010000000474974513,1.4952778816223145,31.21146011352539,-9.037875175476074,1.3628976345062256,28.387775421142578,-7.915361404418945
57,0.0010000000474974513,1.5473476648330688,32.45579147338867,-9.374205589294434,1.354323387145996,27.985633850097656,-7.912693977355957
58,0.0010000000474974513,1.5111775398254395,31.566993713378906,-8.6871919631958,1.3848941326141357,28.42622947692871,-7.947312355041504
59,0.0010000000474974513,1.4296077489852905,29.541152954101562,-7.860352516174316,1.3836579322814941,28.379730224609375,-7.644232749938965
60,0.0010000000474974513,1.4055472612380981,29.43982696533203,-7.409859657287598,1.30126953125,26.804094314575195,-7.0715837478637695
61,0.0010000000474974513,1.3166810274124146,26.97681999206543,-6.948672771453857,1.2478599548339844,26.082332611083984,-6.518706321716309
62,0.0010000000474974513,1.2385549545288086,25.17969512939453,-6.821583271026611,1.1885186433792114,24.236377716064453,-5.453912258148193
63,0.0010000000474974513,1.155461072921753,23.411903381347656,-6.119538307189941,1.1642224788665771,23.602245330810547,-4.680816650390625
64,0.0010000000474974513,1.179772973060608,23.87008285522461,-5.333304405212402,1.127798080444336,22.489437103271484,-4.332698345184326
65,0.0010000000474974513,1.1109697818756104,22.26246452331543,-4.993813991546631,1.1002546548843384,21.938156127929688,-4.155879497528076
66,0.0010000000474974513,1.041232705116272,21.24996566772461,-3.511533737182617,1.1621341705322266,24.09416389465332,-4.081393241882324
67,0.0010000000474974513,0.7859933972358704,15.568024635314941,-2.6376049518585205,1.0905143022537231,22.943805694580078,-3.414012908935547
68,0.0010000000474974513,0.926447331905365,18.95073890686035,-3.1258702278137207,1.0542840957641602,22.29157829284668,-2.94244384765625
69,0.0010000000474974513,0.7496588826179504,16.025806427001953,-0.860227108001709,1.0380257368087769,22.057191848754883,-2.5023529529571533
70,0.0010000000474974513,0.8151987791061401,17.498472213745117,-1.1114952564239502,0.8858487010002136,18.119102478027344,-1.903160572052002
71,0.0010000000474974513,0.735461950302124,15.318633079528809,-0.7543835639953613,0.890343964099884,18.25277328491211,-2.0628256797790527
72,0.0010000000474974513,0.8050121665000916,17.179386138916016,-1.3719525337219238,0.8190033435821533,17.08258819580078,-1.7266771793365479
73,0.0010000000474974513,0.5516186356544495,11.537561416625977,-0.05107605457305908,0.7972257733345032,17.308774948120117,-1.5881798267364502
74,0.0010000000474974513,0.7460675835609436,15.682597160339355,-0.8336883783340454,0.7797293663024902,16.974197387695312,-1.4142508506774902
75,0.0010000000474974513,0.708408534526825,15.036121368408203,-0.3714785575866699,0.7626017332077026,16.61380386352539,-1.311640739440918
76,0.0010000000474974513,0.5519962906837463,11.606290817260742,0.033687591552734375,0.7750295400619507,16.937681198120117,-1.3751709461212158
77,0.0010000000474974513,0.6090507507324219,12.868414878845215,-0.20424282550811768,0.7113286256790161,15.677308082580566,-1.180959701538086
78,0.0010000000474974513,0.6580310463905334,13.694502830505371,-0.3529418706893921,0.7060295939445496,15.5723295211792,-0.7495212554931641
79,0.0010000000474974513,0.7701373100280762,16.475683212280273,-1.1179125308990479,0.7356725335121155,16.05085563659668,-0.6497844457626343
80,0.0010000000474974513,0.7381958961486816,15.947388648986816,-0.5716252326965332,0.673967182636261,15.156622886657715,-0.5476337671279907
81,0.0010000000474974513,0.5989952683448792,13.082934379577637,-0.22537970542907715,0.6946568489074707,16.089088439941406,-0.8452715873718262
82,0.0010000000474974513,0.5908371210098267,12.687728881835938,-0.2713131904602051,0.6513999104499817,14.575206756591797,-0.6709643602371216
83,0.0010000000474974513,0.6427037119865417,14.39671516418457,-0.42016756534576416,0.6142220497131348,13.780769348144531,-0.39082956314086914
84,0.0010000000474974513,0.661827564239502,14.302681922912598,-0.3886018991470337,0.6383887529373169,14.507473945617676,-0.4414881467819214
85,0.0010000000474974513,0.6948362588882446,15.229331970214844,-0.4373832941055298,0.6224096417427063,14.552116394042969,-0.6690641641616821
86,0.0010000000474974513,0.7169139385223389,15.58073616027832,-0.36188220977783203,0.6163497567176819,13.95190143585205,-0.5916389226913452
87,0.0010000000474974513,0.5239986777305603,11.368220329284668,0.15672904253005981,0.6059436202049255,14.022772789001465,-0.5190136432647705
88,0.0010000000474974513,0.5688478946685791,12.298945426940918,-0.01923501491546631,0.5720230937004089,13.256855964660645,-0.20525681972503662
89,0.0010000000474974513,0.6482486128807068,14.011995315551758,-0.3806799650192261,0.5000871419906616,11.14599323272705,0.20193177461624146
90,0.0010000000474974513,0.5579127073287964,11.9459810256958,-0.012447357177734375,0.49902671575546265,11.159984588623047,0.20640933513641357
91,0.0010000000474974513,0.6340341567993164,13.560429573059082,-0.262837290763855,0.5119935870170593,11.53989315032959,0.12369966506958008
92,0.0010000000474974513,0.4889720678329468,10.524420738220215,0.295244038105011,0.5453736186027527,12.116974830627441,-0.116585373878479
93,0.0010000000474974513,0.6461239457130432,14.158926010131836,-0.14892446994781494,0.5885759592056274,12.827632904052734,-0.4857531785964966
94,0.0010000000474974513,0.6031991243362427,13.187026977539062,-0.3734426498413086,0.6092013716697693,13.678495407104492,-0.6096984148025513
95,0.0010000000474974513,0.6184967160224915,13.334421157836914,-0.4425783157348633,0.5639398097991943,13.01949405670166,-0.31021368503570557
96,0.0010000000474974513,0.5161883234977722,10.913841247558594,0.22717738151550293,0.5306724905967712,11.870699882507324,0.029649794101715088
97,0.0010000000474974513,0.5961524844169617,12.757445335388184,-0.03959155082702637,0.5445520281791687,11.370403289794922,-0.1046442985534668
98,0.0010000000474974513,0.6661823987960815,14.479939460754395,-0.308546781539917,0.4868682622909546,9.948460578918457,0.15123873949050903
99,0.0010000000474974513,0.5819119811058044,12.671430587768555,-0.023088693618774414,0.4775642454624176,10.40200138092041,0.31601524353027344
100,0.0010000000474974513,0.5778022408485413,12.589042663574219,-0.12273561954498291,0.5060000419616699,10.960803031921387,0.23993587493896484
101,0.0010000000474974513,0.6024236679077148,12.84130573272705,-0.2231156826019287,0.46501511335372925,10.398880004882812,0.2683038115501404
102,0.0010000000474974513,0.6214019656181335,13.693531036376953,-0.2801610231399536,0.47919759154319763,10.922954559326172,0.18117594718933105
103,0.0010000000474974513,0.5333395004272461,11.711564064025879,0.13521981239318848,0.43498098850250244,9.776579856872559,0.2990671396255493
104,0.0010000000474974513,0.5297262072563171,11.323786735534668,0.14067316055297852,0.4340584874153137,9.671123504638672,0.3421844244003296
105,0.0010000000474974513,0.5085207223892212,11.075493812561035,0.185047447681427,0.43654611706733704,9.819538116455078,0.31343013048171997
106,0.0010000000474974513,0.5099339485168457,11.095561981201172,0.154443621635437,0.5082409381866455,11.151508331298828,0.06893175840377808
107,0.0010000000474974513,0.46707025170326233,9.92898178100586,0.3346344828605652,0.5495750904083252,11.521924018859863,-0.24206769466400146
108,0.0010000000474974513,0.751458466053009,16.179622650146484,-0.9839202165603638,0.5051507949829102,10.528368949890137,-0.08395743370056152
109,0.0010000000474974513,0.6209303140640259,13.633939743041992,-0.30387401580810547,0.4208788275718689,9.138442993164062,0.42979705333709717
110,0.0010000000474974513,0.5565119981765747,12.070828437805176,0.06794232130050659,0.5788074731826782,12.7791109085083,0.01700037717819214
111,0.0010000000474974513,0.6293365955352783,13.122827529907227,-0.33560776710510254,0.5211248397827148,11.672347068786621,0.1277903914451599
112,0.0010000000474974513,0.5295498967170715,11.353954315185547,0.16280674934387207,0.47422993183135986,10.25900936126709,0.17802292108535767
113,0.0010000000474974513,0.6317380666732788,13.656617164611816,-0.177978515625,0.4901800751686096,10.384936332702637,0.01943141222000122
114,0.0010000000474974513,0.516646683216095,11.234257698059082,0.15062642097473145,0.44798561930656433,9.957011222839355,0.2798314094543457
115,0.0010000000474974513,0.6571767926216125,14.101993560791016,-0.20588290691375732,0.5740023851394653,12.790029525756836,-0.07906723022460938
116,0.0010000000474974513,0.5603221654891968,11.8329439163208,-0.07071793079376221,0.473525732755661,10.50679874420166,0.2664802074432373
117,0.0010000000474974513,0.4988195598125458,10.630955696105957,0.17548644542694092,0.4253008961677551,9.110284805297852,0.343822717666626
118,0.0010000000474974513,0.6016362905502319,13.170175552368164,-0.05058121681213379,0.4631892144680023,10.06997013092041,0.2984176278114319
119,0.0010000000474974513,0.43866464495658875,9.498922348022461,0.38970309495925903,0.4402788579463959,9.769801139831543,0.37297481298446655
120,0.0010000000474974513,0.5240010619163513,11.531139373779297,0.18284058570861816,0.446866899728775,9.939367294311523,0.3726850748062134
121,0.0010000000474974513,0.4099218547344208,9.15425968170166,0.4038928151130676,0.44074544310569763,9.997467041015625,0.33893537521362305
122,0.0010000000474974513,0.4200338125228882,9.126496315002441,0.3877907991409302,0.45397889614105225,10.414545059204102,0.2335643172264099
123,0.0010000000474974513,0.5330889821052551,11.368057250976562,-0.007694244384765625,0.40010160207748413,8.85285758972168,0.43334609270095825
124,0.0010000000474974513,0.5908027291297913,12.5337553024292,-0.15690362453460693,0.4538959562778473,9.90501880645752,0.35432714223861694
125,0.0010000000474974513,0.4659428000450134,10.043013572692871,0.33332186937332153,0.407268226146698,8.850629806518555,0.43541669845581055
126,0.0010000000474974513,0.5511034727096558,11.435126304626465,0.1666179895401001,0.42793434858322144,9.29548454284668,0.31272733211517334
127,0.0010000000474974513,0.49077874422073364,10.480411529541016,0.21996712684631348,0.44456952810287476,9.877385139465332,0.2961403727531433
128,0.0010000000474974513,0.45929133892059326,9.788971900939941,0.46959900856018066,0.4790455996990204,10.616405487060547,0.2711411118507385
129,0.0010000000474974513,0.51027512550354,10.873103141784668,0.1995469331741333,0.4638536274433136,10.22349739074707,0.3131972551345825
130,0.0010000000474974513,0.40765631198883057,9.026348114013672,0.5050185322761536,0.5186139941215515,11.301106452941895,0.10565268993377686
131,0.0010000000474974513,0.6118890643119812,13.4139404296875,-0.18691706657409668,0.5360102653503418,11.744481086730957,0.0585055947303772
132,0.0010000000474974513,0.4148150384426117,8.981217384338379,0.4279174208641052,0.48714590072631836,11.200410842895508,0.1700952649116516
133,0.0010000000474974513,0.5638410449028015,12.354747772216797,-0.023979663848876953,0.47888949513435364,10.7193603515625,0.2352122664451599
134,0.0010000000474974513,0.5282987356185913,11.289517402648926,-0.019240379333496094,0.4713498055934906,10.283103942871094,0.2575165033340454
135,0.0010000000474974513,0.5931341052055359,12.67011833190918,-0.014947652816772461,0.49315527081489563,10.801769256591797,0.19911551475524902
136,0.0010000000474974513,0.5131992697715759,11.35849666595459,-0.006499767303466797,0.4333093464374542,9.687179565429688,0.31376415491104126
137,0.0010000000474974513,0.4709014892578125,10.224203109741211,0.2966225743293762,0.43350476026535034,9.594655990600586,0.3187144994735718
138,0.0010000000474974513,0.4808116853237152,10.471362113952637,0.1759815812110901,0.4484170377254486,9.972786903381348,0.3498772978782654
139,0.0010000000474974513,0.5322422981262207,11.314427375793457,0.0759468674659729,0.5156784653663635,11.682514190673828,0.15119493007659912
140,0.0010000000474974513,0.5537202954292297,12.019001007080078,0.10341042280197144,0.5910478830337524,13.415290832519531,-0.12072622776031494
141,0.0010000000474974513,0.5607925057411194,12.138675689697266,0.024235546588897705,0.6157732605934143,14.110233306884766,-0.19352328777313232
142,0.0010000000474974513,0.4884180426597595,10.870914459228516,0.28589504957199097,0.47643518447875977,10.812348365783691,0.25644451379776
143,0.0010000000474974513,0.5856289267539978,12.798164367675781,0.02082616090774536,0.41693219542503357,9.331766128540039,0.41725945472717285
144,0.0010000000474974513,0.5476903319358826,11.980851173400879,0.0012161731719970703,0.44815102219581604,9.8950834274292,0.3737054467201233
145,0.0010000000474974513,0.4781232476234436,10.511813163757324,0.30362558364868164,0.5351041555404663,11.811898231506348,0.12381267547607422
146,0.0010000000474974513,0.5263129472732544,11.496402740478516,-0.008179306983947754,0.5397552847862244,11.82570743560791,0.09288495779037476
147,0.0010000000474974513,0.4943714439868927,10.916182518005371,0.22116541862487793,0.4161929786205292,8.959732055664062,0.4793500304222107
148,0.0010000000474974513,0.5351791381835938,12.12129020690918,-0.013818502426147461,0.43132448196411133,9.235827445983887,0.36867862939834595
149,0.0010000000474974513,0.45267587900161743,9.63156509399414,0.32286226749420166,0.402222603559494,8.730591773986816,0.46549975872039795
150,0.0010000000474974513,0.4344225525856018,9.32185173034668,0.44672268629074097,0.47806137800216675,10.577803611755371,0.280630886554718
151,0.0010000000474974513,0.48763296008110046,10.686250686645508,0.3206767439842224,0.5523263812065125,12.092891693115234,-0.0548243522644043
152,0.0010000000474974513,0.540105938911438,11.735352516174316,-0.05695605278015137,0.5127946734428406,11.095919609069824,0.07803308963775635
153,0.0010000000474974513,0.4618677496910095,9.667190551757812,0.3641805648803711,0.42995190620422363,9.667501449584961,0.4005647897720337
154,0.0010000000474974513,0.4189091622829437,8.80345344543457,0.5074300765991211,0.48519080877304077,10.628915786743164,0.27184629440307617
155,0.0010000000474974513,0.6068486571311951,12.826749801635742,-0.21637260913848877,0.4712178111076355,10.474762916564941,0.2851746082305908
156,0.0010000000474974513,0.4732803702354431,9.974390983581543,0.4196515679359436,0.487337201833725,10.889613151550293,0.3151932954788208
157,0.0010000000474974513,0.4955122172832489,10.892436981201172,0.25654470920562744,0.5581482648849487,12.426997184753418,0.06361657381057739
158,0.0010000000474974513,0.6114875674247742,13.640920639038086,-0.28555357456207275,0.42892226576805115,9.24544620513916,0.394209623336792
159,0.0010000000474974513,0.5394373536109924,11.583295822143555,0.17024970054626465,0.49275898933410645,10.650355339050293,0.21222031116485596
160,0.0010000000474974513,0.5364542007446289,12.015897750854492,0.03864157199859619,0.5059353709220886,10.850906372070312,0.15383952856063843
161,0.0010000000474974513,0.5712507963180542,12.462244033813477,0.031035006046295166,0.502896785736084,11.073470115661621,0.24266266822814941
162,0.0010000000474974513,0.46641844511032104,10.32204532623291,0.1973528265953064,0.44336411356925964,9.781641960144043,0.3578006625175476
163,0.0010000000474974513,0.4130306541919708,9.308547019958496,0.477258563041687,0.479104608297348,10.372260093688965,0.1886981725692749
164,0.0010000000474974513,0.48159080743789673,10.404556274414062,0.28881174325942993,0.42025288939476013,9.036516189575195,0.3840489387512207
165,0.0010000000474974513,0.5961951613426208,12.960175514221191,-0.14670836925506592,0.42082610726356506,9.017666816711426,0.4196651577949524
166,0.0010000000474974513,0.43579962849617004,9.478087425231934,0.46687448024749756,0.45640072226524353,9.712825775146484,0.36284691095352173
167,0.0010000000474974513,0.4959254264831543,10.965307235717773,0.13803279399871826,0.4449235498905182,9.674064636230469,0.39884185791015625
168,0.0010000000474974513,0.5535627007484436,12.108452796936035,0.1280466914176941,0.4135949909687042,8.996615409851074,0.41826367378234863
169,0.0010000000474974513,0.48406490683555603,10.575456619262695,0.34625136852264404,0.45698991417884827,10.090271949768066,0.2918015718460083
170,0.0010000000474974513,0.499743789434433,11.206042289733887,0.1979319453239441,0.5397487282752991,12.118830680847168,0.11098206043243408
171,0.0010000000474974513,0.5106937885284424,11.43922233581543,0.17515134811401367,0.5211703777313232,11.856285095214844,0.17117512226104736
172,0.0010000000474974513,0.4677749276161194,10.255663871765137,0.354089617729187,0.47612014412879944,10.801277160644531,0.3178867697715759
173,0.0010000000474974513,0.5257148146629333,12.032706260681152,0.10268574953079224,0.48682543635368347,11.129666328430176,0.2812192440032959
174,0.0010000000474974513,0.5030755996704102,10.850940704345703,0.23015958070755005,0.5381202101707458,12.263198852539062,0.07232147455215454
175,0.0010000000474974513,0.5655763745307922,12.122138977050781,0.10980391502380371,0.5322596430778503,11.920856475830078,0.13181841373443604
176,0.0010000000474974513,0.48831650614738464,10.705622673034668,0.32402563095092773,0.4510401785373688,10.148033142089844,0.3407737612724304
177,0.0010000000474974513,0.5152802467346191,11.029776573181152,0.18019258975982666,0.4401547610759735,9.748616218566895,0.2958856225013733
178,0.0010000000474974513,0.4831797480583191,10.606159210205078,0.3382619023323059,0.42868268489837646,9.236959457397461,0.265306293964386
179,0.0010000000474974513,0.6577418446540833,14.274401664733887,-0.10553336143493652,0.4368443489074707,9.49433422088623,0.38582557439804077
180,0.0010000000474974513,0.4759924113750458,10.449060440063477,0.3201907277107239,0.39943087100982666,8.447222709655762,0.4804222583770752
181,0.0010000000474974513,0.5109589099884033,11.247236251831055,0.09821146726608276,0.44725388288497925,9.853001594543457,0.3510693907737732
182,0.0010000000474974513,0.4460437595844269,9.370369911193848,0.31420451402664185,0.4341842830181122,9.756034851074219,0.3476743698120117
183,0.0010000000474974513,0.5096725821495056,10.899036407470703,0.16165924072265625,0.4224349558353424,9.239276885986328,0.3540915846824646
184,0.0010000000474974513,0.5843407511711121,12.734647750854492,-0.06075847148895264,0.4364255368709564,9.366422653198242,0.27789169549942017
185,0.0010000000474974513,0.4866209328174591,10.661893844604492,0.23646175861358643,0.4489251375198364,9.723714828491211,0.29118508100509644
186,0.0010000000474974513,0.4295252561569214,9.71722412109375,0.3414112329483032,0.45108646154403687,9.984139442443848,0.33844947814941406
187,0.0010000000474974513,0.485283762216568,10.629448890686035,0.19755911827087402,0.4984106421470642,11.126925468444824,0.18878120183944702
188,0.0010000000474974513,0.5975359678268433,13.181466102600098,-0.13524162769317627,0.47036057710647583,10.274338722229004,0.3043522834777832
189,0.0010000000474974513,0.48479413986206055,10.818697929382324,0.1737651228904724,0.3750232458114624,8.043109893798828,0.46123456954956055
190,0.0010000000474974513,0.41411519050598145,9.296579360961914,0.4051830768585205,0.40415114164352417,8.742802619934082,0.4083300232887268
191,0.0010000000474974513,0.46861788630485535,10.433243751525879,0.3278236389160156,0.42174965143203735,9.078601837158203,0.3525594472885132
192,0.0010000000474974513,0.4328225553035736,9.151956558227539,0.4090023636817932,0.46019604802131653,10.179204940795898,0.31017452478408813
193,0.0010000000474974513,0.4602407217025757,10.361421585083008,0.31730425357818604,0.5098838210105896,11.355579376220703,0.16202807426452637
194,0.0010000000474974513,0.4915164113044739,10.452974319458008,0.23197686672210693,0.5178563594818115,11.711115837097168,0.07733553647994995
195,0.0010000000474974513,0.49791204929351807,10.849059104919434,0.2840387225151062,0.4829372763633728,10.69236946105957,0.250596821308136
196,0.0010000000474974513,0.41472476720809937,8.756978988647461,0.47843289375305176,0.4029249846935272,8.613576889038086,0.36591827869415283
197,0.0010000000474974513,0.4822983741760254,10.351685523986816,0.3402479887008667,0.3847963809967041,8.35067367553711,0.47850877046585083
198,0.0010000000474974513,0.4023929238319397,8.83984661102295,0.5098782777786255,0.4539434015750885,10.117558479309082,0.3376942276954651
199,0.0010000000474974513,0.4222468435764313,9.37896728515625,0.44118446111679077,0.46975773572921753,10.540780067443848,0.2661287784576416
200,0.0010000000474974513,0.44922178983688354,9.683429718017578,0.41383594274520874,0.42781293392181396,9.46714973449707,0.40616315603256226
201,0.0010000000474974513,0.5307912230491638,11.550487518310547,0.26387667655944824,0.40905964374542236,8.960538864135742,0.44710880517959595
202,0.0010000000474974513,0.5155540108680725,11.123100280761719,0.14566457271575928,0.39470019936561584,8.576499938964844,0.4577920436859131
203,0.0010000000474974513,0.4851056635379791,11.074138641357422,0.1708410382270813,0.4125179350376129,8.950849533081055,0.4140363931655884
204,0.0010000000474974513,0.398232102394104,8.791533470153809,0.5357438325881958,0.4211505055427551,9.180999755859375,0.4158802032470703
205,0.0010000000474974513,0.5039852857589722,10.8154878616333,0.259840726852417,0.4282509982585907,9.529529571533203,0.4230876564979553
206,0.0010000000474974513,0.5062483549118042,11.196613311767578,0.20632117986679077,0.42767444252967834,9.472644805908203,0.4351601004600525
207,0.0010000000474974513,0.518067479133606,11.096268653869629,0.23535609245300293,0.41314074397087097,8.958074569702148,0.4350229501724243
208,0.0010000000474974513,0.5410075783729553,11.76401424407959,0.17522090673446655,0.4199724495410919,9.144660949707031,0.41660284996032715
209,0.0010000000474974513,0.4784391224384308,10.898117065429688,0.23847860097885132,0.40785837173461914,8.851944923400879,0.4422232508659363
210,0.0010000000474974513,0.470026433467865,10.167859077453613,0.3529198169708252,0.42778638005256653,9.27561092376709,0.4022928476333618
211,0.0010000000474974513,0.45415380597114563,9.685930252075195,0.3861743211746216,0.4393511414527893,9.582836151123047,0.3890172243118286
212,0.0010000000474974513,0.5097094178199768,11.164700508117676,0.2185714840888977,0.4591500163078308,10.273933410644531,0.3393890857696533
213,0.0010000000474974513,0.5156058073043823,11.041060447692871,0.24161207675933838,0.45314139127731323,10.11067008972168,0.35377490520477295
214,0.0010000000474974513,0.41908007860183716,9.21878433227539,0.21183186769485474,0.4357854425907135,9.59704875946045,0.40325599908828735
215,0.0010000000474974513,0.450255811214447,9.726982116699219,0.34859222173690796,0.3890700936317444,8.358141899108887,0.4637260437011719
216,0.0010000000474974513,0.38084420561790466,8.181532859802246,0.39145004749298096,0.41622933745384216,8.974126815795898,0.4306414723396301
217,0.0010000000474974513,0.441336452960968,9.490111351013184,0.41942834854125977,0.39316606521606445,8.462960243225098,0.45881742238998413
218,0.0010000000474974513,0.48714983463287354,11.202080726623535,-0.02565765380859375,0.4197295904159546,9.145759582519531,0.4225001335144043
219,0.0010000000474974513,0.43929362297058105,9.703509330749512,0.3537384867668152,0.4056241810321808,8.65556812286377,0.42274409532546997
220,0.0010000000474974513,0.5052081346511841,11.291779518127441,0.077114999294281,0.44406673312187195,9.600350379943848,0.35007011890411377
221,0.0010000000474974513,0.4597364068031311,9.700794219970703,0.35885077714920044,0.44652727246284485,9.744048118591309,0.36383724212646484
222,0.0010000000474974513,0.4155837893486023,8.899218559265137,0.4572896361351013,0.4521924555301666,9.903273582458496,0.35057103633880615
223,0.0010000000474974513,0.37002527713775635,8.175809860229492,0.5055439472198486,0.47761988639831543,10.269857406616211,0.21426904201507568
224,0.0010000000474974513,0.4804080128669739,10.329756736755371,0.2920982241630554,0.44911932945251465,9.878512382507324,0.3395034074783325
225,0.0010000000474974513,0.4770002067089081,10.507328033447266,0.19021636247634888,0.52399742603302,11.774065017700195,0.20405423641204834
226,0.0010000000474974513,0.5253334641456604,11.181053161621094,0.129308819770813,0.6100375652313232,13.72941780090332,-0.09944045543670654
227,0.0010000000474974513,0.4508926272392273,9.816970825195312,0.20385414361953735,0.5727325081825256,12.803842544555664,0.060226380825042725
228,0.0010000000474974513,0.42183443903923035,9.380204200744629,0.17125403881072998,0.4424741566181183,9.728671073913574,0.34367161989212036
229,0.0010000000474974513,0.49788495898246765,10.776463508605957,0.29032063484191895,0.47030600905418396,10.240604400634766,0.2707103490829468
230,0.0010000000474974513,0.4364278018474579,9.3790922164917,0.44966989755630493,0.49834495782852173,10.669771194458008,0.13858312368392944
231,0.0010000000474974513,0.4747532308101654,10.450435638427734,0.34196245670318604,0.4681178629398346,10.284039497375488,0.2895659804344177
232,0.0010000000474974513,0.38662683963775635,8.258363723754883,0.4951688051223755,0.5823289155960083,13.205379486083984,-0.011284112930297852
233,0.0010000000474974513,0.49757903814315796,10.867660522460938,0.25314104557037354,0.5294698476791382,12.012019157409668,0.11752748489379883
234,0.0010000000474974513,0.40261510014533997,8.598804473876953,0.47834569215774536,0.4723298251628876,10.489236831665039,0.3070623278617859
235,0.0010000000474974513,0.48713141679763794,10.52491569519043,0.2576964497566223,0.4394623041152954,9.748003005981445,0.39707595109939575
236,0.0010000000474974513,0.44501224160194397,9.671736717224121,0.42329204082489014,0.396990031003952,8.513145446777344,0.47228121757507324
237,0.0010000000474974513,0.5209119915962219,11.345158576965332,0.10318166017532349,0.4652308523654938,10.3065767288208,0.30538177490234375
238,0.0010000000474974513,0.5308287143707275,11.649454116821289,0.17416435480117798,0.4656992554664612,10.188603401184082,0.2904973030090332
239,0.0010000000474974513,0.5073477029800415,11.205095291137695,0.2437572479248047,0.4696227014064789,10.409174919128418,0.3308454155921936
240,0.0010000000474974513,0.4318263828754425,9.24515438079834,0.4435633420944214,0.573627769947052,12.923998832702637,0.04597771167755127
241,0.0010000000474974513,0.5083048939704895,11.142841339111328,0.10311460494995117,0.475909024477005,10.695032119750977,0.3010004162788391
242,0.0010000000474974513,0.4809359610080719,10.4016695022583,0.24230146408081055,0.46694692969322205,10.260746955871582,0.23715698719024658
243,0.0010000000474974513,0.4660191833972931,9.99817180633545,0.3434697985649109,0.5001049041748047,11.072616577148438,0.09004634618759155
244,0.0010000000474974513,0.46953925490379333,10.094924926757812,0.3555970788002014,0.4864753484725952,10.530135154724121,0.15471667051315308
245,0.0010000000474974513,0.5451761484146118,11.689546585083008,0.16616272926330566,0.44555994868278503,9.497970581054688,0.2676219940185547
246,0.0010000000474974513,0.380257785320282,8.069825172424316,0.5570285320281982,0.3981712758541107,8.584441184997559,0.4117922782897949
247,0.0010000000474974513,0.441364049911499,9.496957778930664,0.296248197555542,0.3810448944568634,8.234780311584473,0.46251529455184937
248,0.0010000000474974513,0.45452460646629333,9.746286392211914,0.41294044256210327,0.4391011893749237,9.81959342956543,0.3569529056549072
249,0.0010000000474974513,0.34671804308891296,7.3572163581848145,0.5685992240905762,0.4533551335334778,10.16048526763916,0.3331161141395569
250,0.0010000000474974513,0.4156837463378906,8.786863327026367,0.5168695449829102,0.38319870829582214,8.328551292419434,0.46400898694992065
251,0.0010000000474974513,0.3380885124206543,7.362002849578857,0.6319999098777771,0.48235800862312317,10.466158866882324,0.24455636739730835
252,0.0010000000474974513,0.4672006070613861,10.283427238464355,0.39928799867630005,0.48760277032852173,10.518978118896484,0.2257210612297058
253,0.0010000000474974513,0.4100914001464844,8.918736457824707,0.5187885761260986,0.40513208508491516,8.977601051330566,0.4391399025917053
254,0.0010000000474974513,0.42901962995529175,9.426567077636719,0.36865752935409546,0.42348870635032654,9.461557388305664,0.381401002407074
255,0.0010000000474974513,0.39463338255882263,8.770630836486816,0.46889013051986694,0.38512855768203735,8.473713874816895,0.48649144172668457
256,0.0010000000474974513,0.4886710047721863,10.326138496398926,0.3372253179550171,0.3923068046569824,8.350337982177734,0.42219769954681396
257,0.0010000000474974513,0.4543168544769287,9.89051628112793,0.4097597599029541,0.3868939280509949,8.213546752929688,0.4491191506385803
258,0.0010000000474974513,0.44411203265190125,9.506569862365723,0.3165047764778137,0.37898963689804077,8.158522605895996,0.506085216999054
259,0.0010000000474974513,0.36663568019866943,7.864627838134766,0.6063163876533508,0.4016128480434418,8.744033813476562,0.5045432448387146
260,0.0010000000474974513,0.4636249244213104,10.011744499206543,0.36328446865081787,0.43985623121261597,9.643203735351562,0.3987675905227661
261,0.0010000000474974513,0.4521087408065796,9.859593391418457,0.3047594428062439,0.40685755014419556,8.86054801940918,0.4700942039489746
262,0.0010000000474974513,0.4397161304950714,9.455070495605469,0.4302053451538086,0.4156076908111572,9.200722694396973,0.47211718559265137
263,0.0010000000474974513,0.40798693895339966,9.029308319091797,0.3968169093132019,0.4443354308605194,9.725372314453125,0.3613622188568115
264,0.0010000000474974513,0.3877035677433014,8.496973991394043,0.5140193700790405,0.4941915273666382,10.578608512878418,0.21453142166137695
265,0.0010000000474974513,0.44368892908096313,9.456932067871094,0.461742103099823,0.41163432598114014,8.95982551574707,0.43606770038604736
266,0.0010000000474974513,0.4251039922237396,9.018509864807129,0.3534230589866638,0.43250781297683716,9.57809829711914,0.4360472559928894
267,0.0010000000474974513,0.37306705117225647,7.739349842071533,0.5529229640960693,0.463855504989624,10.24302864074707,0.3379361629486084
268,0.0010000000474974513,0.4417073130607605,9.65417194366455,0.3300599455833435,0.4088844656944275,8.895697593688965,0.47286272048950195
269,0.0010000000474974513,0.38841891288757324,8.54796028137207,0.4799279570579529,0.4344077706336975,9.429073333740234,0.38288867473602295
270,0.0010000000474974513,0.40969544649124146,8.79466438293457,0.411121129989624,0.44157958030700684,9.568781852722168,0.3344571590423584
271,0.0010000000474974513,0.5325543880462646,11.918436050415039,0.07137101888656616,0.4287770390510559,9.428632736206055,0.4176487922668457
272,0.0010000000474974513,0.4379904866218567,9.813457489013672,0.3171030282974243,0.44822824001312256,9.933381080627441,0.37824010848999023
273,0.0010000000474974513,0.5067039132118225,11.041296005249023,0.2321634292602539,0.4448931813240051,9.856034278869629,0.36587321758270264
274,0.0010000000474974513,0.38083040714263916,8.177703857421875,0.6014460325241089,0.46129700541496277,10.312243461608887,0.34983372688293457
275,0.0010000000474974513,0.38755813241004944,8.334890365600586,0.5213185548782349,0.4360593259334564,9.576215744018555,0.3972007632255554
276,0.0010000000474974513,0.47876736521720886,10.255114555358887,0.3269042372703552,0.4310992956161499,9.516075134277344,0.40703099966049194
277,0.0010000000474974513,0.4498734474182129,9.67100715637207,0.3553157448768616,0.49281248450279236,10.83290958404541,0.24192368984222412
278,0.0010000000474974513,0.4114813804626465,9.18321418762207,0.3270449638366699,0.4988950490951538,11.063868522644043,0.23985666036605835
279,0.0010000000474974513,0.40842553973197937,8.790404319763184,0.5568568706512451,0.5070563554763794,11.330490112304688,0.21123206615447998
280,0.0010000000474974513,0.4298131465911865,9.327505111694336,0.4367449879646301,0.46665507555007935,10.240851402282715,0.3076876997947693
281,0.0010000000474974513,0.45260313153266907,9.710237503051758,0.4046260118484497,0.4547092914581299,9.667303085327148,0.23858880996704102
282,0.0010000000474974513,0.5582815408706665,12.104399681091309,0.06890314817428589,0.4915362000465393,10.411532402038574,0.13594257831573486
283,0.0010000000474974513,0.563580334186554,12.268587112426758,0.02877587080001831,0.37918752431869507,8.043686866760254,0.47639554738998413
284,0.0010000000474974513,0.44652822613716125,9.506757736206055,0.3789668083190918,0.4165959358215332,8.908863067626953,0.43861448764801025
285,0.0010000000474974513,0.4368206858634949,9.569354057312012,0.4096370339393616,0.4236376881599426,9.270630836486816,0.42996758222579956
286,0.0010000000474974513,0.3382281959056854,7.584053039550781,0.6153498888015747,0.4634668827056885,10.439167022705078,0.3046901822090149
287,0.0010000000474974513,0.4432446360588074,9.580606460571289,0.386954665184021,0.4853243827819824,10.884028434753418,0.23034852743148804
288,0.0010000000474974513,0.41076725721359253,8.923728942871094,0.48450297117233276,0.5170790553092957,11.596785545349121,0.15742582082748413
289,0.0010000000474974513,0.369808167219162,8.153207778930664,0.5628132224082947,0.5483243465423584,12.218704223632812,0.06716758012771606
290,0.0010000000474974513,0.44653570652008057,9.597384452819824,0.3655852675437927,0.5108153820037842,11.512655258178711,0.20080912113189697
291,0.0010000000474974513,0.3735732138156891,8.114690780639648,0.5228562951087952,0.4833076298236847,10.949628829956055,0.27756720781326294
292,0.0010000000474974513,0.41047555208206177,8.672820091247559,0.4937482476234436,0.4670809507369995,10.417351722717285,0.3364585041999817
293,0.0010000000474974513,0.3937907814979553,8.615043640136719,0.5007952451705933,0.45436161756515503,9.9817476272583,0.34865856170654297
294,0.0010000000474974513,0.4671033024787903,10.114270210266113,0.3288869261741638,0.4540426433086395,9.808810234069824,0.31364595890045166
295,0.0010000000474974513,0.3638107180595398,8.029662132263184,0.5624929666519165,0.48243609070777893,10.398592948913574,0.25273287296295166
296,0.0010000000474974513,0.4487546682357788,9.594013214111328,0.4136626720428467,0.5078414678573608,11.327953338623047,0.20804297924041748
297,0.0010000000474974513,0.4211220145225525,8.984329223632812,0.4312668442726135,0.6146194934844971,13.876575469970703,-0.1344292163848877
298,0.0010000000474974513,0.4736745357513428,10.161116600036621,0.38437342643737793,0.5824719071388245,13.160921096801758,-0.028690457344055176
299,0.0010000000474974513,0.43612393736839294,9.091809272766113,0.3788071274757385,0.44206222891807556,9.744845390319824,0.38390952348709106
300,0.0010000000474974513,0.4116661250591278,8.892864227294922,0.47030049562454224,0.4547242522239685,9.74113941192627,0.2745094895362854
301,0.0010000000474974513,0.3804989755153656,8.199007987976074,0.5482093095779419,0.4656275808811188,9.9072904586792,0.2304379940032959
302,0.0010000000474974513,0.3336904048919678,7.2864789962768555,0.6565297245979309,0.46459639072418213,10.20535945892334,0.3177233338356018
303,0.0010000000474974513,0.4578039348125458,10.080402374267578,0.41974878311157227,0.5465933680534363,12.238321304321289,0.09395366907119751
304,0.0010000000474974513,0.5007728934288025,10.663968086242676,0.26651495695114136,0.48571404814720154,10.913459777832031,0.23685848712921143
305,0.0010000000474974513,0.44494929909706116,9.540351867675781,0.3766024708747864,0.44165942072868347,9.805156707763672,0.3569280505180359
306,0.0010000000474974513,0.4647613763809204,10.097049713134766,0.3869457244873047,0.4276299774646759,9.384847640991211,0.3887382745742798
307,0.0010000000474974513,0.5038953423500061,10.976701736450195,0.20761269330978394,0.40218114852905273,8.891408920288086,0.4541657567024231
308,0.0010000000474974513,0.4773150086402893,10.216472625732422,0.29633647203445435,0.41752874851226807,9.317888259887695,0.4377794861793518
309,0.0010000000474974513,0.5148867964744568,10.93603515625,0.20740067958831787,0.39836591482162476,8.673742294311523,0.44058752059936523
310,0.0010000000474974513,0.45069724321365356,10.035966873168945,0.36034882068634033,0.38615190982818604,8.337536811828613,0.4718952178955078
311,0.0010000000474974513,0.45535358786582947,10.018714904785156,0.3496631383895874,0.4046191871166229,8.744873046875,0.4840695261955261
312,0.0010000000474974513,0.38691040873527527,8.573792457580566,0.5577918291091919,0.44562700390815735,9.791481971740723,0.34611445665359497
313,0.0010000000474974513,0.447745144367218,9.702483177185059,0.32244187593460083,0.43521648645401,9.628933906555176,0.4045865535736084
314,0.0010000000474974513,0.3454637825489044,7.708572864532471,0.645783543586731,0.4316018521785736,9.604424476623535,0.4203909635543823
315,0.0010000000474974513,0.45988836884498596,10.018256187438965,0.3399413824081421,0.4850345551967621,10.917093276977539,0.3019654154777527
316,0.0010000000474974513,0.46186012029647827,9.574026107788086,0.3165384531021118,0.4863039255142212,10.94660758972168,0.29596084356307983
317,0.0010000000474974513,0.3897702097892761,8.630019187927246,0.523605465888977,0.4425013065338135,9.838772773742676,0.41673046350479126
318,0.0010000000474974513,0.436982125043869,9.668972969055176,0.42108553647994995,0.41019320487976074,8.984551429748535,0.44713330268859863
319,0.0010000000474974513,0.3680915832519531,7.963419437408447,0.5826476812362671,0.42114439606666565,9.332021713256836,0.41376668214797974
320,0.0010000000474974513,0.5077864527702332,10.93654727935791,0.22336971759796143,0.43147942423820496,9.538248062133789,0.43726569414138794
321,0.0010000000474974513,0.38777846097946167,8.29378890991211,0.5560606122016907,0.4473293125629425,9.841584205627441,0.3986626863479614
322,0.0010000000474974513,0.3805886507034302,8.280313491821289,0.5501402616500854,0.45689114928245544,9.943832397460938,0.3657739758491516
323,0.0010000000474974513,0.40676867961883545,9.208563804626465,0.46302229166030884,0.4288300573825836,9.271539688110352,0.4315670132637024
324,0.0010000000474974513,0.41652971506118774,9.034022331237793,0.4509161710739136,0.4480251669883728,9.838846206665039,0.3646773099899292
325,0.0010000000474974513,0.48064345121383667,10.336332321166992,0.2681695818901062,0.48452213406562805,10.75289249420166,0.2299286127090454
326,0.0010000000474974513,0.5038704872131348,11.305253028869629,0.0806429386138916,0.5045741200447083,11.27113151550293,0.20710086822509766
327,0.0010000000474974513,0.3532208800315857,7.986019134521484,0.6069869995117188,0.49850985407829285,11.120862007141113,0.2431735396385193
328,0.0010000000474974513,0.3728576600551605,7.935614109039307,0.5486621856689453,0.4726899564266205,10.603581428527832,0.31462782621383667
329,0.0010000000474974513,0.3349122703075409,7.182579040527344,0.6601680517196655,0.452596515417099,10.149504661560059,0.32504749298095703
330,0.0010000000474974513,0.3221428096294403,6.802647590637207,0.6862339973449707,0.45610085129737854,10.084882736206055,0.3110479712486267
331,0.0010000000474974513,0.43095412850379944,9.136122703552246,0.39237409830093384,0.4192255437374115,9.118000030517578,0.44866955280303955
332,0.0010000000474974513,0.45743802189826965,9.931262969970703,0.43487924337387085,0.4003993570804596,8.588748931884766,0.46442699432373047
333,0.0010000000474974513,0.40858349204063416,8.533702850341797,0.4816341996192932,0.42036688327789307,9.071776390075684,0.4509943127632141
334,0.0010000000474974513,0.4727131724357605,10.25605583190918,0.32511991262435913,0.41258329153060913,8.8375825881958,0.47766995429992676
335,0.0010000000474974513,0.4285169243812561,9.478400230407715,0.43245071172714233,0.46966248750686646,10.323979377746582,0.3511655330657959
336,0.0010000000474974513,0.38834765553474426,8.308919906616211,0.5338548421859741,0.5718103647232056,12.629512786865234,-0.04925191402435303
337,0.0010000000474974513,0.4390510320663452,9.244534492492676,0.30499815940856934,0.600744366645813,13.36242389678955,-0.17297828197479248
338,0.0010000000474974513,0.47303757071495056,10.106928825378418,0.10345208644866943,0.4802694022655487,10.637495994567871,0.32929903268814087
339,0.0010000000474974513,0.3595053255558014,7.566115856170654,0.546419620513916,0.4994732737541199,10.693033218383789,0.2013189196586609
340,0.0010000000474974513,0.5111323595046997,11.119487762451172,0.22161835432052612,0.44523096084594727,9.593612670898438,0.3431950807571411
341,0.0010000000474974513,0.36659878492355347,8.181407928466797,0.5906383991241455,0.45951592922210693,10.198100090026855,0.36849385499954224
342,0.0010000000474974513,0.36252057552337646,7.810393810272217,0.5662057399749756,0.5022789239883423,11.339458465576172,0.25112205743789673
343,0.0010000000474974513,0.38932207226753235,8.481424331665039,0.3558081388473511,0.5095916390419006,11.349360466003418,0.2174135446548462
344,0.0010000000474974513,0.42147183418273926,9.309654235839844,0.4601612091064453,0.46294718980789185,10.156903266906738,0.31612628698349
345,0.0010000000474974513,0.3596349060535431,7.912379741668701,0.571299135684967,0.46330174803733826,10.347737312316895,0.3464382290840149
346,0.0010000000474974513,0.357677698135376,7.819415092468262,0.5166417360305786,0.48472681641578674,10.8464994430542,0.22889971733093262
347,0.0010000000474974513,0.4403122365474701,9.57304573059082,0.34592920541763306,0.45417988300323486,10.139606475830078,0.34462082386016846
348,0.0010000000474974513,0.36015209555625916,7.870839595794678,0.46940726041793823,0.4318961203098297,9.404520034790039,0.3830743432044983
349,0.0010000000474974513,0.46219325065612793,10.395419120788574,0.28045016527175903,0.4987495541572571,10.736170768737793,0.21205532550811768
350,0.0010000000474974513,0.39433860778808594,8.77968978881836,0.5292224884033203,0.4508805572986603,10.06373405456543,0.37488502264022827
351,0.0010000000474974513,0.4157842993736267,9.33102035522461,0.4461818337440491,0.4918079376220703,11.095614433288574,0.2672751545906067
352,0.0010000000474974513,0.31801819801330566,6.6491265296936035,0.6495757102966309,0.47035983204841614,10.438728332519531,0.33904314041137695
353,0.0010000000474974513,0.3723915219306946,8.1397705078125,0.6008037328720093,0.49281349778175354,10.548604965209961,0.21573984622955322
354,0.0010000000474974513,0.4768839478492737,10.301187515258789,0.29679328203201294,0.44825565814971924,9.794800758361816,0.387606143951416
355,0.0010000000474974513,0.3745858371257782,8.064608573913574,0.5218089818954468,0.5028940439224243,11.076159477233887,0.2570863366127014
356,0.0010000000474974513,0.4130246341228485,8.911831855773926,0.40222883224487305,0.519225537776947,11.520288467407227,0.1759127378463745
357,0.0010000000474974513,0.4463876485824585,9.795587539672852,0.30231815576553345,0.46475788950920105,10.314447402954102,0.309700608253479
358,0.0010000000474974513,0.37518662214279175,8.145974159240723,0.6199566721916199,0.4585895836353302,10.184754371643066,0.35490882396698
359,0.0010000000474974513,0.33070218563079834,7.246079921722412,0.5489377975463867,0.4651828706264496,10.286444664001465,0.3462983965873718
360,0.0010000000474974513,0.44042474031448364,9.76164436340332,0.36322474479675293,0.45976439118385315,10.049487113952637,0.31493985652923584
361,0.0010000000474974513,0.40084558725357056,8.784516334533691,0.48002636432647705,0.4656912088394165,10.328606605529785,0.31864261627197266
362,0.0010000000474974513,0.3899037539958954,8.456771850585938,0.5627826452255249,0.47952863574028015,10.818065643310547,0.30840861797332764
363,0.0010000000474974513,0.5201442837715149,11.129249572753906,0.12274521589279175,0.5055992603302002,11.50065803527832,0.21317315101623535
364,0.0010000000474974513,0.38384076952934265,8.240028381347656,0.5550628900527954,0.47220608592033386,10.646108627319336,0.31609976291656494
365,0.0010000000474974513,0.3659319579601288,7.9746527671813965,0.6150508522987366,0.47271689772605896,10.401196479797363,0.2953767776489258
366,0.0010000000474974513,0.5187903642654419,11.032561302185059,0.21319591999053955,0.48009100556373596,10.539165496826172,0.2825767993927002
367,0.0010000000474974513,0.3066236674785614,6.617713928222656,0.6948895454406738,0.5157384872436523,11.428439140319824,0.16057980060577393
368,0.0010000000474974513,0.3806760311126709,8.233424186706543,0.554082453250885,0.5103174448013306,11.39691162109375,0.19288849830627441
369,0.0010000000474974513,0.39990949630737305,8.307173728942871,0.3553354740142822,0.4544913172721863,9.860138893127441,0.2929246425628662
370,0.0010000000474974513,0.30716267228126526,6.777778625488281,0.6767181754112244,0.44669631123542786,9.668936729431152,0.3175470232963562
371,0.0010000000474974513,0.4119317829608917,9.062560081481934,0.5038368701934814,0.47926977276802063,10.556692123413086,0.28647172451019287
372,0.0010000000474974513,0.3820616602897644,8.095704078674316,0.5421234369277954,0.501330554485321,11.03171443939209,0.20946967601776123
373,0.0010000000474974513,0.42614832520484924,9.376726150512695,0.4384978413581848,0.4933304190635681,10.67444133758545,0.180108904838562
374,0.0010000000474974513,0.40983304381370544,8.847024917602539,0.49129921197891235,0.48319169878959656,10.411275863647461,0.2267048954963684
375,0.0010000000474974513,0.38836249709129333,8.483667373657227,0.44971323013305664,0.4585510194301605,10.073582649230957,0.31631648540496826
376,0.0010000000474974513,0.3979634642601013,8.684093475341797,0.49241721630096436,0.5068097114562988,11.397982597351074,0.21298325061798096
377,0.0010000000474974513,0.40795397758483887,8.629334449768066,0.5152813196182251,0.5343549251556396,12.064554214477539,0.12690216302871704
378,0.0010000000474974513,0.409366637468338,8.663222312927246,0.3847942352294922,0.43415504693984985,9.627564430236816,0.3706591725349426
